\BOOKMARK [0][-]{chapter.1}{\376\377\000I\000n\000t\000r\000o\000d\000u\000c\000c\000i\000\363\000n}{}% 1
\BOOKMARK [0][-]{chapter.2}{\376\377\000F\000u\000n\000d\000a\000m\000e\000n\000t\000o\000s\000\040\000t\000e\000\363\000r\000i\000c\000o\000s}{}% 2
\BOOKMARK [0][-]{chapter.3}{\376\377\000M\000\351\000t\000o\000d\000o\000\040\000d\000e\000\040\000N\000e\000w\000t\000o\000n\000\040\000e\000n\000\040\000e\000l\000\040\000p\000l\000a\000n\000o\000\040\000c\000o\000m\000p\000l\000e\000j\000o}{}% 3
\BOOKMARK [1][-]{section.3.1}{\376\377\000A\000n\000t\000e\000c\000e\000d\000e\000n\000t\000e\000s\000:\000\040\000e\000l\000\040\000p\000r\000o\000b\000l\000e\000m\000a\000\040\000d\000e\000\040\000C\000a\000y\000l\000e\000y}{chapter.3}% 4
\BOOKMARK [1][-]{section.3.2}{\376\377\000P\000r\000o\000p\000i\000e\000d\000a\000d\000e\000s\000\040\000d\000e\000l\000\040\000m\000\351\000t\000o\000d\000o\000\040\000d\000e\000\040\000N\000e\000w\000t\000o\000n\000\040\000e\000n\000\040\000C}{chapter.3}% 5
\BOOKMARK [2][-]{subsection.3.2.1}{\376\377\000E\000l\000\040\000m\000\351\000t\000o\000d\000o\000\040\000d\000e\000\040\000N\000e\000w\000t\000o\000n\000\040\000p\000a\000r\000a\000\040\000p\000o\000l\000i\000n\000o\000m\000i\000o\000s\000\040\000c\000u\000a\000d\000r\000\341\000t\000i\000c\000o\000s\000\040\000\050\000C\000o\000n\000\040\000d\000o\000s\000\040\000r\000a\000\355\000c\000e\000s\000\051}{section.3.2}% 6
\BOOKMARK [2][-]{subsection.3.2.2}{\376\377\000E\000l\000\040\000m\000\351\000t\000o\000d\000o\000\040\000d\000e\000\040\000N\000e\000w\000t\000o\000n\000\040\000p\000a\000r\000a\000\040\000p\000o\000l\000i\000n\000o\000m\000i\000o\000s\000\040\000c\000\372\000b\000i\000c\000o\000s\000\040\000c\000o\000n\000\040\000r\000a\000\355\000c\000e\000s\000\040\000m\000\372\000l\000t\000i\000p\000l\000e\000s}{section.3.2}% 7
\BOOKMARK [2][-]{subsection.3.2.3}{\376\377\000E\000l\000\040\000m\000\351\000t\000o\000d\000o\000\040\000d\000e\000\040\000N\000e\000w\000t\000o\000n\000\040\000p\000a\000r\000a\000\040\000p\000o\000l\000i\000n\000o\000m\000i\000o\000s\000\040\000c\000\372\000b\000i\000c\000o\000s}{section.3.2}% 8
\BOOKMARK [2][-]{subsection.3.2.4}{\376\377\000E\000l\000\040\000m\000\351\000t\000o\000d\000o\000\040\000d\000e\000\040\000N\000e\000w\000t\000o\000n\000\040\000p\000a\000r\000a\000\040\000p\000o\000l\000i\000n\000o\000m\000i\000o\000s\000\040\000d\000e\000\040\000g\000r\000a\000d\000o\000s\000\040\0004\000\040\000y\000\040\0005}{section.3.2}% 9
\BOOKMARK [0][-]{chapter.4}{\376\377\000M\000\351\000t\000o\000d\000o\000\040\000d\000e\000\040\000S\000c\000h\000r\000\366\000d\000e\000r\000\040\000e\000n\000\040\000e\000l\000\040\000p\000l\000a\000n\000o\000\040\000c\000o\000m\000p\000l\000e\000j\000o}{}% 10
\BOOKMARK [1][-]{section.4.1}{\376\377\000I\000n\000t\000r\000o\000d\000u\000c\000c\000i\000\363\000n\000:\000\040\000M\000\351\000t\000o\000d\000o\000\040\000d\000e\000\040\000S\000c\000h\000r\000\366\000d\000e\000r\000\040\000y\000\040\000c\000o\000n\000c\000e\000p\000t\000o\000s\000\040\000f\000u\000n\000d\000a\000m\000e\000n\000t\000a\000l\000e\000s}{chapter.4}% 11
\BOOKMARK [2][-]{subsection.4.1.1}{\376\377\000D\000e\000f\000i\000n\000i\000c\000i\000\363\000n\000\040\000d\000e\000l\000\040\000m\000\351\000t\000o\000d\000o\000\040\000d\000e\000\040\000S\000c\000h\000r\000\366\000d\000e\000r}{section.4.1}% 12
\BOOKMARK [2][-]{subsection.4.1.2}{\376\377\000P\000r\000o\000p\000i\000e\000d\000a\000d\000e\000s\000\040\000d\000e\000l\000\040\000m\000\351\000t\000o\000d\000o\000\040\000d\000e\000\040\000S\000c\000h\000r\000\366\000d\000e\000r}{section.4.1}% 13
\BOOKMARK [2][-]{subsection.4.1.3}{\376\377\000C\000o\000n\000j\000u\000g\000a\000c\000i\000\363\000n\000\040\000t\000o\000p\000o\000l\000\363\000g\000i\000c\000a}{section.4.1}% 14
\BOOKMARK [2][-]{subsection.4.1.4}{\376\377\000E\000l\000\040\000p\000r\000o\000b\000l\000e\000m\000a\000\040\000d\000e\000\040\000C\000a\000y\000l\000e\000y\000\040\000p\000a\000r\000a\000\040\000p\000o\000l\000i\000n\000o\000m\000i\000o\000s\000\040\000c\000u\000a\000d\000r\000\341\000t\000i\000c\000o\000s}{section.4.1}% 15
\BOOKMARK [1][-]{section.4.2}{\376\377\000P\000o\000l\000i\000n\000o\000m\000i\000o\000s\000\040\000c\000o\000n\000\040\000d\000o\000s\000\040\000r\000a\000\355\000c\000e\000s\000\040\000d\000e\000\040\000m\000u\000l\000t\000i\000p\000l\000i\000c\000i\000d\000a\000d\000e\000s\000\040\000a\000r\000b\000i\000t\000r\000a\000r\000i\000a\000s}{chapter.4}% 16
\BOOKMARK [2][-]{subsection.4.2.1}{\376\377\000R\000e\000d\000u\000c\000c\000i\000\363\000n\000\040\000a\000l\000\040\000c\000a\000s\000o\000\040\000c\000a\000n\000\363\000n\000i\000c\000o\000\040\000m\000e\000d\000i\000a\000n\000t\000e\000\040\000c\000o\000n\000j\000u\000g\000a\000c\000i\000\363\000n}{section.4.2}% 17
\BOOKMARK [2][-]{subsection.4.2.2}{\376\377\000A\000n\000\341\000l\000i\000s\000i\000s\000\040\000d\000i\000n\000\341\000m\000i\000c\000o\000\040\000d\000e\000\040\000R\000m\000,\000n}{section.4.2}% 18
\BOOKMARK [1][-]{section.4.3}{\376\377\000T\000e\000o\000r\000e\000m\000a\000s\000\040\000p\000r\000i\000n\000c\000i\000p\000a\000l\000e\000s\000:\000\040\000c\000a\000r\000a\000c\000t\000e\000r\000i\000z\000a\000c\000i\000\363\000n\000\040\000d\000e\000l\000\040\000c\000o\000n\000j\000u\000n\000t\000o\000\040\000d\000e\000\040\000J\000u\000l\000i\000a}{chapter.4}% 19
\BOOKMARK [2][-]{subsection.4.3.1}{\376\377\000C\000u\000e\000n\000c\000a\000s\000\040\000d\000e\000\040\000a\000t\000r\000a\000c\000c\000i\000\363\000n}{section.4.3}% 20
\BOOKMARK [2][-]{subsection.4.3.2}{\376\377\000A\000n\000\341\000l\000i\000s\000i\000s\000\040\000p\000a\000r\000a\000m\000\351\000t\000r\000i\000c\000o\000:\000\040\000i\000n\000f\000l\000u\000e\000n\000c\000i\000a\000\040\000d\000e\000\040\000l\000a\000\040\000r\000a\000z\000\363\000n\000\040\000d\000e\000\040\000m\000u\000l\000t\000i\000p\000l\000i\000c\000i\000d\000a\000d\000e\000s}{section.4.3}% 21
\BOOKMARK [2][-]{subsection.4.3.3}{\376\377\000C\000o\000m\000p\000o\000r\000t\000a\000m\000i\000e\000n\000t\000o\000\040\000a\000s\000i\000n\000t\000\363\000t\000i\000c\000o}{section.4.3}% 22
\BOOKMARK [2][-]{subsection.4.3.4}{\376\377\000I\000l\000u\000s\000t\000r\000a\000c\000i\000o\000n\000e\000s\000:\000\040\000c\000u\000e\000n\000c\000a\000s\000\040\000d\000e\000\040\000a\000t\000r\000a\000c\000c\000i\000\363\000n}{section.4.3}% 23
\BOOKMARK [3][-]{subsubsection.4.3.4.1}{\376\377\000C\000a\000s\000o\000:\000\040\000p\000=\000m\000/\000n\000\040\000c\000r\000e\000c\000i\000e\000n\000t\000e}{subsection.4.3.4}% 24
\BOOKMARK [3][-]{subsubsection.4.3.4.2}{\376\377\000C\000a\000s\000o\000:\000\040\000p\000=\000m\000/\000n\000\040\000p\000r\000\363\000x\000i\000m\000o\000\040\000a\000\040\0001}{subsection.4.3.4}% 25
\BOOKMARK [3][-]{subsubsection.4.3.4.3}{\376\377\000C\000a\000s\000o\000:\000\040\000r\000a\000z\000\363\000n\000\040\000c\000o\000n\000s\000t\000a\000n\000t\000e\000\040\000p\000=\0002}{subsection.4.3.4}% 26
\BOOKMARK [3][-]{subsubsection.4.3.4.4}{\376\377\000C\000a\000s\000o\000:\000\040\000r\000a\000\355\000c\000e\000s\000\040\000n\000o\000\040\000r\000e\000a\000l\000e\000s}{subsection.4.3.4}% 27
\BOOKMARK [2][-]{subsection.4.3.5}{\376\377\000C\000o\000m\000p\000a\000r\000a\000c\000i\000\363\000n\000\040\000c\000o\000n\000\040\000e\000l\000\040\000m\000\351\000t\000o\000d\000o\000\040\000d\000e\000\040\000N\000e\000w\000t\000o\000n}{section.4.3}% 28
\BOOKMARK [3][-]{subsubsection.4.3.5.1}{\376\377\000N\000a\000t\000u\000r\000a\000l\000e\000z\000a\000\040\000d\000e\000l\000\040\000c\000o\000n\000j\000u\000n\000t\000o\000\040\000d\000e\000\040\000J\000u\000l\000i\000a}{subsection.4.3.5}% 29
\BOOKMARK [3][-]{subsubsection.4.3.5.2}{\376\377\000D\000i\000s\000t\000r\000i\000b\000u\000c\000i\000\363\000n\000\040\000d\000e\000\040\000l\000a\000s\000\040\000c\000u\000e\000n\000c\000a\000s\000\040\000d\000e\000\040\000a\000t\000r\000a\000c\000c\000i\000\363\000n}{subsection.4.3.5}% 30
\BOOKMARK [3][-]{subsubsection.4.3.5.3}{\376\377\000C\000o\000s\000t\000e\000\040\000c\000o\000m\000p\000u\000t\000a\000c\000i\000o\000n\000a\000l\000\040\000y\000\040\000o\000r\000d\000e\000n\000\040\000d\000e\000\040\000c\000o\000n\000v\000e\000r\000g\000e\000n\000c\000i\000a}{subsection.4.3.5}% 31
\BOOKMARK [1][-]{section.4.4}{\376\377\000P\000o\000l\000i\000n\000o\000m\000i\000o\000s\000\040\000c\000\372\000b\000i\000c\000o\000s\000:\000\040\000e\000s\000t\000u\000d\000i\000o\000\040\000d\000e\000l\000\040\000p\000l\000a\000n\000o\000\040\000d\000e\000\040\000p\000a\000r\000\341\000m\000e\000t\000r\000o\000s}{chapter.4}% 32
\BOOKMARK [2][-]{subsection.4.4.1}{\376\377\000P\000o\000l\000i\000n\000o\000m\000i\000o\000s\000\040\000c\000\372\000b\000i\000c\000o\000s\000\040\000c\000o\000n\000\040\000t\000r\000e\000s\000\040\000r\000a\000\355\000c\000e\000s\000\040\000s\000i\000m\000p\000l\000e\000s}{section.4.4}% 33
\BOOKMARK [2][-]{subsection.4.4.2}{\376\377\000P\000u\000n\000t\000o\000s\000\040\000c\000r\000\355\000t\000i\000c\000o\000s\000\040\000y\000\040\000e\000l\000\040\000t\000e\000o\000r\000e\000m\000a\000\040\000d\000e\000\040\000F\000a\000t\000o\000u\000-\000J\000u\000l\000i\000a}{section.4.4}% 34
\BOOKMARK [2][-]{subsection.4.4.3}{\376\377\000R\000e\000d\000u\000c\000c\000i\000\363\000n\000\040\000a\000\040\000u\000n\000a\000\040\000f\000a\000m\000i\000l\000i\000a\000\040\000u\000n\000i\000p\000a\000r\000a\000m\000\351\000t\000r\000i\000c\000a}{section.4.4}% 35
\BOOKMARK [2][-]{subsection.4.4.4}{\376\377\000A\000n\000\341\000l\000i\000s\000i\000s\000\040\000d\000e\000\040\000p\000u\000n\000t\000o\000s\000\040\000c\000r\000\355\000t\000i\000c\000o\000s}{section.4.4}% 36
\BOOKMARK [2][-]{subsection.4.4.5}{\376\377\000E\000l\000\040\000p\000l\000a\000n\000o\000\040\000d\000e\000\040\000p\000a\000r\000\341\000m\000e\000t\000r\000o\000s}{section.4.4}% 37
\BOOKMARK [2][-]{subsection.4.4.6}{\376\377\000C\000o\000m\000p\000a\000r\000a\000c\000i\000\363\000n\000\040\000c\000o\000n\000\040\000e\000l\000\040\000m\000\351\000t\000o\000d\000o\000\040\000d\000e\000\040\000N\000e\000w\000t\000o\000n}{section.4.4}% 38
\BOOKMARK [2][-]{subsection.4.4.7}{\376\377\000C\000a\000s\000o\000\040\000e\000s\000p\000e\000c\000i\000a\000l\000:\000\040\000r\000a\000\355\000c\000e\000s\000\040\000f\000o\000r\000m\000a\000n\000d\000o\000\040\000u\000n\000\040\000t\000r\000i\000\341\000n\000g\000u\000l\000o\000\040\000e\000q\000u\000i\000l\000\341\000t\000e\000r\000o}{section.4.4}% 39
\BOOKMARK [2][-]{subsection.4.4.8}{\376\377\000O\000b\000s\000e\000r\000v\000a\000c\000i\000o\000n\000e\000s\000\040\000d\000i\000n\000\341\000m\000i\000c\000a\000s\000\040\000a\000d\000i\000c\000i\000o\000n\000a\000l\000e\000s}{section.4.4}% 40
\BOOKMARK [1][-]{section.4.5}{\376\377\000C\000o\000n\000c\000l\000u\000s\000i\000o\000n\000e\000s}{chapter.4}% 41
\BOOKMARK [2][-]{subsection.4.5.1}{\376\377\000S\000\355\000n\000t\000e\000s\000i\000s\000\040\000d\000e\000\040\000r\000e\000s\000u\000l\000t\000a\000d\000o\000s\000\040\000p\000a\000r\000a\000\040\000d\000o\000s\000\040\000r\000a\000\355\000c\000e\000s}{section.4.5}% 42
\BOOKMARK [2][-]{subsection.4.5.2}{\376\377\000S\000\355\000n\000t\000e\000s\000i\000s\000\040\000d\000e\000\040\000r\000e\000s\000u\000l\000t\000a\000d\000o\000s\000\040\000p\000a\000r\000a\000\040\000p\000o\000l\000i\000n\000o\000m\000i\000o\000s\000\040\000c\000\372\000b\000i\000c\000o\000s}{section.4.5}% 43
\BOOKMARK [2][-]{subsection.4.5.3}{\376\377\000I\000m\000p\000l\000i\000c\000a\000c\000i\000o\000n\000e\000s\000\040\000p\000r\000\341\000c\000t\000i\000c\000a\000s}{section.4.5}% 44
\BOOKMARK [1][-]{section.4.6}{\376\377\000E\000l\000\040\000p\000u\000n\000t\000o\000\040\000d\000e\000l\000\040\000i\000n\000f\000i\000n\000i\000t\000o\000\040\000e\000n\000\040\000e\000l\000\040\000m\000\351\000t\000o\000d\000o\000\040\000d\000e\000\040\000S\000c\000h\000r\000\366\000d\000e\000r}{chapter.4}% 45
\BOOKMARK [2][-]{subsection.4.6.1}{\376\377\000E\000l\000\040\000i\000n\000f\000i\000n\000i\000t\000o\000\040\000e\000n\000\040\000e\000l\000\040\000p\000l\000a\000n\000o\000\040\000c\000o\000m\000p\000l\000e\000j\000o\000\040\000e\000x\000t\000e\000n\000d\000i\000d\000o}{section.4.6}% 46
\BOOKMARK [2][-]{subsection.4.6.2}{\376\377\000C\000o\000m\000p\000o\000r\000t\000a\000m\000i\000e\000n\000t\000o\000\040\000d\000e\000l\000\040\000i\000n\000f\000i\000n\000i\000t\000o\000\040\000p\000a\000r\000a\000\040\000p\000o\000l\000i\000n\000o\000m\000i\000o\000s\000\040\000c\000\372\000b\000i\000c\000o\000s}{section.4.6}% 47
\BOOKMARK [2][-]{subsection.4.6.3}{\376\377\000P\000l\000a\000n\000o\000\040\000d\000e\000\040\000p\000a\000r\000\341\000m\000e\000t\000r\000o\000s\000\040\000d\000e\000l\000\040\000i\000n\000f\000i\000n\000i\000t\000o}{section.4.6}% 48
\BOOKMARK [2][-]{subsection.4.6.4}{\376\377\000R\000a\000\355\000c\000e\000s\000\040\000d\000o\000m\000i\000n\000a\000n\000t\000e\000s}{section.4.6}% 49
\BOOKMARK [2][-]{subsection.4.6.5}{\376\377\000C\000a\000s\000o\000s\000\040\000e\000x\000c\000e\000p\000c\000i\000o\000n\000a\000l\000e\000s\000:\000\040\000a\000u\000s\000e\000n\000c\000i\000a\000\040\000d\000e\000\040\000r\000a\000\355\000z\000\040\000d\000o\000m\000i\000n\000a\000n\000t\000e}{section.4.6}% 50
\BOOKMARK [3][-]{subsubsection.4.6.5.1}{\376\377\000C\000a\000s\000o\000\040\000d\000e\000l\000\040\000t\000r\000i\000\341\000n\000g\000u\000l\000o\000\040\000e\000q\000u\000i\000l\000\341\000t\000e\000r\000o\000:\000\040\000=\0003\000i}{subsection.4.6.5}% 51
\BOOKMARK [3][-]{subsubsection.4.6.5.2}{\376\377\000O\000t\000r\000o\000s\000\040\000v\000a\000l\000o\000r\000e\000s\000\040\000e\000s\000p\000e\000c\000i\000a\000l\000e\000s}{subsection.4.6.5}% 52
\BOOKMARK [2][-]{subsection.4.6.6}{\376\377\000E\000x\000t\000e\000n\000s\000i\000\363\000n\000\040\000a\000\040\000p\000o\000l\000i\000n\000o\000m\000i\000o\000s\000\040\000c\000o\000n\000\040\000r\000a\000\355\000c\000e\000s\000\040\000m\000\372\000l\000t\000i\000p\000l\000e\000s}{section.4.6}% 53
\BOOKMARK [2][-]{subsection.4.6.7}{\376\377\000C\000o\000m\000p\000a\000r\000a\000c\000i\000\363\000n\000\040\000c\000o\000n\000\040\000e\000l\000\040\000t\000e\000o\000r\000e\000m\000a\000\040\000d\000e\000\040\000H\000u\000b\000b\000a\000r\000d}{section.4.6}% 54
\BOOKMARK [2][-]{subsection.4.6.8}{\376\377\000I\000m\000p\000l\000i\000c\000a\000c\000i\000o\000n\000e\000s\000\040\000d\000i\000n\000\341\000m\000i\000c\000a\000s\000\040\000d\000e\000l\000\040\000c\000o\000m\000p\000o\000r\000t\000a\000m\000i\000e\000n\000t\000o\000\040\000d\000e\000l\000\040\000i\000n\000f\000i\000n\000i\000t\000o}{section.4.6}% 55
\BOOKMARK [1][-]{section.4.7}{\376\377\000C\000o\000n\000c\000l\000u\000s\000i\000o\000n\000e\000s\000\040\000d\000e\000l\000\040\000c\000a\000p\000\355\000t\000u\000l\000o}{chapter.4}% 56
\BOOKMARK [2][-]{subsection.4.7.1}{\376\377\000S\000\355\000n\000t\000e\000s\000i\000s\000:\000\040\000p\000o\000l\000i\000n\000o\000m\000i\000o\000s\000\040\000c\000o\000n\000\040\000d\000o\000s\000\040\000r\000a\000\355\000c\000e\000s}{section.4.7}% 57
\BOOKMARK [2][-]{subsection.4.7.2}{\376\377\000S\000\355\000n\000t\000e\000s\000i\000s\000:\000\040\000p\000o\000l\000i\000n\000o\000m\000i\000o\000s\000\040\000c\000\372\000b\000i\000c\000o\000s}{section.4.7}% 58
\BOOKMARK [2][-]{subsection.4.7.3}{\376\377\000S\000\355\000n\000t\000e\000s\000i\000s\000:\000\040\000c\000o\000m\000p\000o\000r\000t\000a\000m\000i\000e\000n\000t\000o\000\040\000d\000e\000l\000\040\000i\000n\000f\000i\000n\000i\000t\000o}{section.4.7}% 59
\BOOKMARK [2][-]{subsection.4.7.4}{\376\377\000I\000m\000p\000l\000i\000c\000a\000c\000i\000o\000n\000e\000s\000\040\000p\000a\000r\000a\000\040\000l\000a\000\040\000p\000r\000\341\000c\000t\000i\000c\000a\000\040\000n\000u\000m\000\351\000r\000i\000c\000a}{section.4.7}% 60
\BOOKMARK [2][-]{subsection.4.7.5}{\376\377\000D\000i\000r\000e\000c\000c\000i\000o\000n\000e\000s\000\040\000d\000e\000\040\000i\000n\000v\000e\000s\000t\000i\000g\000a\000c\000i\000\363\000n\000\040\000f\000u\000t\000u\000r\000a}{section.4.7}% 61
\BOOKMARK [0][-]{chapter.5}{\376\377\000A\000n\000\341\000l\000i\000s\000i\000s\000\040\000d\000e\000t\000a\000l\000l\000a\000d\000o\000\040\000d\000e\000l\000\040\000m\000\351\000t\000o\000d\000o\000\040\000d\000e\000\040\000S\000c\000h\000r\000\366\000d\000e\000r}{}% 62
\BOOKMARK [0][-]{chapter.6}{\376\377\000D\000i\000n\000\341\000m\000i\000c\000a\000\040\000d\000e\000\040\000l\000a\000\040\000f\000a\000m\000i\000l\000i\000a\000\040\000C\000h\000e\000b\000y\000s\000h\000e\000v\000-\000H\000a\000l\000l\000e\000y}{}% 63
\BOOKMARK [0][-]{chapter.7}{\376\377\000C\000o\000n\000c\000l\000u\000s\000i\000o\000n\000e\000s\000\040\000y\000\040\000l\000\355\000n\000e\000a\000s\000\040\000f\000u\000t\000u\000r\000a\000s\000\040\000d\000e\000\040\000i\000n\000v\000e\000s\000t\000i\000g\000a\000c\000i\000\363\000n}{}% 64
\BOOKMARK [0][-]{chapter*.2}{\376\377\000A\000n\000e\000x\000o\000\040\0001\000:\000\040\000D\000e\000s\000a\000r\000r\000o\000l\000l\000o\000\040\000d\000e\000\040\000u\000n\000\040\000f\000r\000a\000m\000e\000w\000o\000r\000k\000\040\000e\000n\000\040\000P\000y\000t\000h\000o\000n\000\040\000p\000a\000r\000a\000\040\000e\000l\000\040\000a\000n\000\341\000l\000i\000s\000i\000s\000\040\000d\000i\000n\000\341\000m\000i\000c\000o}{}% 65
\BOOKMARK [0][-]{chapter*.2}{\376\377\000B\000i\000b\000l\000i\000o\000g\000r\000a\000f\000\355\000a}{}% 66
