This is pdfTeX, Version 3.141592653-2.6-1.40.27 (MiKTeX 25.4) (preloaded format=pdflatex 2025.8.10)  25 OCT 2025 09:57
entering extended mode
 restricted \write18 enabled.
 %&-line parsing enabled.
**./MemoriaVGalilea.tex
(MemoriaVGalilea.tex
LaTeX2e <2025-06-01> patch level 1
L3 programming layer <2025-07-20>
(C:\Users\Usuario\AppData\Local\Programs\MiKTeX\tex/latex/base\book.cls
Document Class: book 2025/01/22 v1.4n Standard LaTeX document class
(C:\Users\Usuario\AppData\Local\Programs\MiKTeX\tex/latex/base\bk12.clo
File: bk12.clo 2025/01/22 v1.4n Standard LaTeX file (size option)
)
\c@part=\count275
\c@chapter=\count276
\c@section=\count277
\c@subsection=\count278
\c@subsubsection=\count279
\c@paragraph=\count280
\c@subparagraph=\count281
\c@figure=\count282
\c@table=\count283
\abovecaptionskip=\skip49
\belowcaptionskip=\skip50
\bibindent=\dimen148
)
(C:\Users\Usuario\AppData\Local\Programs\MiKTeX\tex/generic/babel\babel.sty
Package: babel 2025/08/03 v25.12 The multilingual framework for LuaLaTeX, pdfLa
TeX and XeLaTeX
\babel@savecnt=\count284
LaTeX Encoding Info:    Redeclaring text command \ij (encoding OT1) on input li
ne 2045.
LaTeX Encoding Info:    Redeclaring text command \IJ (encoding OT1) on input li
ne 2047.
LaTeX Encoding Info:    Redeclaring text command \ij (encoding T1) on input lin
e 2049.
LaTeX Encoding Info:    Redeclaring text command \IJ (encoding T1) on input lin
e 2050.
LaTeX Encoding Info:    Ignoring declaration for text command \ij (encoding ?) 
on input line 2051.
LaTeX Encoding Info:    Ignoring declaration for text command \IJ (encoding ?) 
on input line 2053.
LaTeX Encoding Info:    Ignoring declaration for text command \SS (encoding ?) 
on input line 2078.
\U@D=\dimen149
\l@unhyphenated=\language79

(C:\Users\Usuario\AppData\Local\Programs\MiKTeX\tex/generic/babel\txtbabel.def)
\bbl@readstream=\read2
\bbl@dirlevel=\count285
*************************************
* Local config file bblopts.cfg used
*
(C:\Users\Usuario\AppData\Local\Programs\MiKTeX\tex/latex/arabi\bblopts.cfg
File: bblopts.cfg 2005/09/08 v0.1 add Arabic and Farsi to "declared" options of
 babel
)
(C:\Users\Usuario\AppData\Local\Programs\MiKTeX\tex/latex/babel-spanish\spanish
.ldf
Language: spanish.ldf 2021/05/27 v5.0q Spanish support from the babel system

(C:\Users\Usuario\AppData\Local\Programs\MiKTeX\tex/generic/babel/locale/es\bab
el-spanish.tex
Package babel Info: Importing font and identification data for spanish
(babel)             from babel-es.ini. Reported on input line 12.
)
\es@quottoks=\toks17
\es@quotdepth=\count286
Package babel Info: Making " an active character on input line 570.
Package babel Info: Making . an active character on input line 675.
Package babel Info: Making < an active character on input line 722.
Package babel Info: Making > an active character on input line 722.
))
LaTeX Encoding Info:    Redeclaring text command \guillemotleft (encoding OT1) 
on input line 13.
LaTeX Encoding Info:    Redeclaring text command \guillemotright (encoding OT1)
 on input line 13.

(C:\Users\Usuario\AppData\Local\Programs\MiKTeX\tex/latex/base\fontenc.sty
Package: fontenc 2024/12/21 v2.1c Standard LaTeX package
)
(C:\Users\Usuario\AppData\Local\Programs\MiKTeX\tex/latex/lm\lmodern.sty
Package: lmodern 2015/05/01 v1.6.1 Latin Modern Fonts
LaTeX Font Info:    Overwriting symbol font `operators' in version `normal'
(Font)                  OT1/cmr/m/n --> OT1/lmr/m/n on input line 22.
LaTeX Font Info:    Overwriting symbol font `letters' in version `normal'
(Font)                  OML/cmm/m/it --> OML/lmm/m/it on input line 23.
LaTeX Font Info:    Overwriting symbol font `symbols' in version `normal'
(Font)                  OMS/cmsy/m/n --> OMS/lmsy/m/n on input line 24.
LaTeX Font Info:    Overwriting symbol font `largesymbols' in version `normal'
(Font)                  OMX/cmex/m/n --> OMX/lmex/m/n on input line 25.
LaTeX Font Info:    Overwriting symbol font `operators' in version `bold'
(Font)                  OT1/cmr/bx/n --> OT1/lmr/bx/n on input line 26.
LaTeX Font Info:    Overwriting symbol font `letters' in version `bold'
(Font)                  OML/cmm/b/it --> OML/lmm/b/it on input line 27.
LaTeX Font Info:    Overwriting symbol font `symbols' in version `bold'
(Font)                  OMS/cmsy/b/n --> OMS/lmsy/b/n on input line 28.
LaTeX Font Info:    Overwriting symbol font `largesymbols' in version `bold'
(Font)                  OMX/cmex/m/n --> OMX/lmex/m/n on input line 29.
LaTeX Font Info:    Overwriting math alphabet `\mathbf' in version `normal'
(Font)                  OT1/cmr/bx/n --> OT1/lmr/bx/n on input line 31.
LaTeX Font Info:    Overwriting math alphabet `\mathsf' in version `normal'
(Font)                  OT1/cmss/m/n --> OT1/lmss/m/n on input line 32.
LaTeX Font Info:    Overwriting math alphabet `\mathit' in version `normal'
(Font)                  OT1/cmr/m/it --> OT1/lmr/m/it on input line 33.
LaTeX Font Info:    Overwriting math alphabet `\mathtt' in version `normal'
(Font)                  OT1/cmtt/m/n --> OT1/lmtt/m/n on input line 34.
LaTeX Font Info:    Overwriting math alphabet `\mathbf' in version `bold'
(Font)                  OT1/cmr/bx/n --> OT1/lmr/bx/n on input line 35.
LaTeX Font Info:    Overwriting math alphabet `\mathsf' in version `bold'
(Font)                  OT1/cmss/bx/n --> OT1/lmss/bx/n on input line 36.
LaTeX Font Info:    Overwriting math alphabet `\mathit' in version `bold'
(Font)                  OT1/cmr/bx/it --> OT1/lmr/bx/it on input line 37.
LaTeX Font Info:    Overwriting math alphabet `\mathtt' in version `bold'
(Font)                  OT1/cmtt/m/n --> OT1/lmtt/m/n on input line 38.
)
(C:\Users\Usuario\AppData\Local\Programs\MiKTeX\tex/latex/base\inputenc.sty
Package: inputenc 2024/02/08 v1.3d Input encoding file
\inpenc@prehook=\toks18
\inpenc@posthook=\toks19
)
(C:\Users\Usuario\AppData\Local\Programs\MiKTeX\tex/latex/geometry\geometry.sty
Package: geometry 2020/01/02 v5.9 Page Geometry
(C:\Users\Usuario\AppData\Local\Programs\MiKTeX\tex/latex/graphics\keyval.sty
Package: keyval 2022/05/29 v1.15 key=value parser (DPC)
\KV@toks@=\toks20
)
(C:\Users\Usuario\AppData\Local\Programs\MiKTeX\tex/generic/iftex\ifvtex.sty
Package: ifvtex 2019/10/25 v1.7 ifvtex legacy package. Use iftex instead.

(C:\Users\Usuario\AppData\Local\Programs\MiKTeX\tex/generic/iftex\iftex.sty
Package: iftex 2024/12/12 v1.0g TeX engine tests
))
\Gm@cnth=\count287
\Gm@cntv=\count288
\c@Gm@tempcnt=\count289
\Gm@bindingoffset=\dimen150
\Gm@wd@mp=\dimen151
\Gm@odd@mp=\dimen152
\Gm@even@mp=\dimen153
\Gm@layoutwidth=\dimen154
\Gm@layoutheight=\dimen155
\Gm@layouthoffset=\dimen156
\Gm@layoutvoffset=\dimen157
\Gm@dimlist=\toks21

(C:\Users\Usuario\AppData\Local\Programs\MiKTeX\tex/latex/geometry\geometry.cfg
))

Package geometry Warning: Over-specification in `h'-direction.
    `width' (472.31573pt) is ignored.

(C:\Users\Usuario\AppData\Local\Programs\MiKTeX\tex/latex/amsmath\amsmath.sty
Package: amsmath 2025/06/16 v2.17y AMS math features
\@mathmargin=\skip51

For additional information on amsmath, use the `?' option.
(C:\Users\Usuario\AppData\Local\Programs\MiKTeX\tex/latex/amsmath\amstext.sty
Package: amstext 2024/11/17 v2.01 AMS text

(C:\Users\Usuario\AppData\Local\Programs\MiKTeX\tex/latex/amsmath\amsgen.sty
File: amsgen.sty 1999/11/30 v2.0 generic functions
\@emptytoks=\toks22
\ex@=\dimen158
))
(C:\Users\Usuario\AppData\Local\Programs\MiKTeX\tex/latex/amsmath\amsbsy.sty
Package: amsbsy 1999/11/29 v1.2d Bold Symbols
\pmbraise@=\dimen159
)
(C:\Users\Usuario\AppData\Local\Programs\MiKTeX\tex/latex/amsmath\amsopn.sty
Package: amsopn 2022/04/08 v2.04 operator names
)
\inf@bad=\count290
LaTeX Info: Redefining \frac on input line 233.
\uproot@=\count291
\leftroot@=\count292
LaTeX Info: Redefining \overline on input line 398.
LaTeX Info: Redefining \colon on input line 409.
\classnum@=\count293
\DOTSCASE@=\count294
LaTeX Info: Redefining \ldots on input line 495.
LaTeX Info: Redefining \dots on input line 498.
LaTeX Info: Redefining \cdots on input line 619.
\Mathstrutbox@=\box53
\strutbox@=\box54
LaTeX Info: Redefining \big on input line 721.
LaTeX Info: Redefining \Big on input line 722.
LaTeX Info: Redefining \bigg on input line 723.
LaTeX Info: Redefining \Bigg on input line 724.
\big@size=\dimen160
LaTeX Font Info:    Redeclaring font encoding OML on input line 742.
LaTeX Font Info:    Redeclaring font encoding OMS on input line 743.
\macc@depth=\count295
LaTeX Info: Redefining \bmod on input line 904.
LaTeX Info: Redefining \pmod on input line 909.
LaTeX Info: Redefining \smash on input line 939.
LaTeX Info: Redefining \relbar on input line 969.
LaTeX Info: Redefining \Relbar on input line 970.
\c@MaxMatrixCols=\count296
\dotsspace@=\muskip17
\c@parentequation=\count297
\dspbrk@lvl=\count298
\tag@help=\toks23
\row@=\count299
\column@=\count300
\maxfields@=\count301
\andhelp@=\toks24
\eqnshift@=\dimen161
\alignsep@=\dimen162
\tagshift@=\dimen163
\tagwidth@=\dimen164
\totwidth@=\dimen165
\lineht@=\dimen166
\@envbody=\toks25
\multlinegap=\skip52
\multlinetaggap=\skip53
\mathdisplay@stack=\toks26
LaTeX Info: Redefining \[ on input line 2949.
LaTeX Info: Redefining \] on input line 2950.
)
(C:\Users\Usuario\AppData\Local\Programs\MiKTeX\tex/latex/amsfonts\amssymb.sty
Package: amssymb 2013/01/14 v3.01 AMS font symbols

(C:\Users\Usuario\AppData\Local\Programs\MiKTeX\tex/latex/amsfonts\amsfonts.sty
Package: amsfonts 2013/01/14 v3.01 Basic AMSFonts support
\symAMSa=\mathgroup4
\symAMSb=\mathgroup5
LaTeX Font Info:    Redeclaring math symbol \hbar on input line 98.
LaTeX Font Info:    Overwriting math alphabet `\mathfrak' in version `bold'
(Font)                  U/euf/m/n --> U/euf/b/n on input line 106.
))
(C:\Users\Usuario\AppData\Local\Programs\MiKTeX\tex/latex/pdfpages\pdfpages.sty
Package: pdfpages 2025/07/23 v0.6g Insert pages of external PDF documents (AM)
(C:\Users\Usuario\AppData\Local\Programs\MiKTeX\tex/latex/base\ifthen.sty
Package: ifthen 2024/03/16 v1.1e Standard LaTeX ifthen package (DPC)
)
(C:\Users\Usuario\AppData\Local\Programs\MiKTeX\tex/latex/tools\calc.sty
Package: calc 2025/03/01 v4.3b Infix arithmetic (KKT,FJ)
\calc@Acount=\count302
\calc@Bcount=\count303
\calc@Adimen=\dimen167
\calc@Bdimen=\dimen168
\calc@Askip=\skip54
\calc@Bskip=\skip55
LaTeX Info: Redefining \setlength on input line 86.
LaTeX Info: Redefining \addtolength on input line 87.
\calc@Ccount=\count304
\calc@Cskip=\skip56
)
(C:\Users\Usuario\AppData\Local\Programs\MiKTeX\tex/latex/eso-pic\eso-pic.sty
Package: eso-pic 2023/05/03 v3.0c eso-pic (RN)
\ESO@tempdima=\dimen169
\ESO@tempdimb=\dimen170

(C:\Users\Usuario\AppData\Local\Programs\MiKTeX\tex/latex/xcolor\xcolor.sty
Package: xcolor 2024/09/29 v3.02 LaTeX color extensions (UK)

(C:\Users\Usuario\AppData\Local\Programs\MiKTeX\tex/latex/graphics-cfg\color.cf
g
File: color.cfg 2016/01/02 v1.6 sample color configuration
)
Package xcolor Info: Driver file: pdftex.def on input line 274.

(C:\Users\Usuario\AppData\Local\Programs\MiKTeX\tex/latex/graphics-def\pdftex.d
ef
File: pdftex.def 2024/04/13 v1.2c Graphics/color driver for pdftex
)
(C:\Users\Usuario\AppData\Local\Programs\MiKTeX\tex/latex/graphics\mathcolor.lt
x)
Package xcolor Info: Model `cmy' substituted by `cmy0' on input line 1349.
Package xcolor Info: Model `hsb' substituted by `rgb' on input line 1353.
Package xcolor Info: Model `RGB' extended on input line 1365.
Package xcolor Info: Model `HTML' substituted by `rgb' on input line 1367.
Package xcolor Info: Model `Hsb' substituted by `hsb' on input line 1368.
Package xcolor Info: Model `tHsb' substituted by `hsb' on input line 1369.
Package xcolor Info: Model `HSB' substituted by `hsb' on input line 1370.
Package xcolor Info: Model `Gray' substituted by `gray' on input line 1371.
Package xcolor Info: Model `wave' substituted by `hsb' on input line 1372.
))
(C:\Users\Usuario\AppData\Local\Programs\MiKTeX\tex/latex/etoolbox\etoolbox.sty
Package: etoolbox 2025/02/11 v2.5l e-TeX tools for LaTeX (JAW)
\etb@tempcnta=\count305
)
(C:\Users\Usuario\AppData\Local\Programs\MiKTeX\tex/latex/graphics\graphicx.sty
Package: graphicx 2024/12/31 v1.2e Enhanced LaTeX Graphics (DPC,SPQR)

(C:\Users\Usuario\AppData\Local\Programs\MiKTeX\tex/latex/graphics\graphics.sty
Package: graphics 2024/08/06 v1.4g Standard LaTeX Graphics (DPC,SPQR)
(C:\Users\Usuario\AppData\Local\Programs\MiKTeX\tex/latex/graphics\trig.sty
Package: trig 2023/12/02 v1.11 sin cos tan (DPC)
)
(C:\Users\Usuario\AppData\Local\Programs\MiKTeX\tex/latex/graphics-cfg\graphics
.cfg
File: graphics.cfg 2016/06/04 v1.11 sample graphics configuration
)
Package graphics Info: Driver file: pdftex.def on input line 106.
)
\Gin@req@height=\dimen171
\Gin@req@width=\dimen172
)
\AM@pagewidth=\dimen173
\AM@pageheight=\dimen174
\AM@fboxrule=\dimen175

(C:\Users\Usuario\AppData\Local\Programs\MiKTeX\tex/latex/pdfpages\pppdftex.def
File: pppdftex.def 2025/07/23 v0.6g Pdfpages driver for pdfTeX (AM)
)
\pdfpages@includegraphics@status=\count306
\AM@pagebox=\box55
\AM@global@opts=\toks27
\AM@pagecnt=\count307
\AM@toc@title=\toks28
\AM@lof@heading=\toks29
\c@AM@survey=\count308
\AM@templatesizebox=\box56
) (C:\Users\Usuario\AppData\Local\Programs\MiKTeX\tex/latex/float\float.sty
Package: float 2001/11/08 v1.3d Float enhancements (AL)
\c@float@type=\count309
\float@exts=\toks30
\float@box=\box57
\@float@everytoks=\toks31
\@floatcapt=\box58
)
(C:\Users\Usuario\AppData\Local\Programs\MiKTeX\tex/latex/pgf/frontendlayer\tik
z.sty
(C:\Users\Usuario\AppData\Local\Programs\MiKTeX\tex/latex/pgf/basiclayer\pgf.st
y
(C:\Users\Usuario\AppData\Local\Programs\MiKTeX\tex/latex/pgf/utilities\pgfrcs.
sty
(C:\Users\Usuario\AppData\Local\Programs\MiKTeX\tex/generic/pgf/utilities\pgfut
il-common.tex
\pgfutil@everybye=\toks32
\pgfutil@tempdima=\dimen176
\pgfutil@tempdimb=\dimen177
)
(C:\Users\Usuario\AppData\Local\Programs\MiKTeX\tex/generic/pgf/utilities\pgfut
il-latex.def
\pgfutil@abb=\box59
)
(C:\Users\Usuario\AppData\Local\Programs\MiKTeX\tex/generic/pgf/utilities\pgfrc
s.code.tex
(C:\Users\Usuario\AppData\Local\Programs\MiKTeX\tex/generic/pgf\pgf.revision.te
x)
Package: pgfrcs 2023-01-15 v3.1.10 (3.1.10)
))
Package: pgf 2023-01-15 v3.1.10 (3.1.10)

(C:\Users\Usuario\AppData\Local\Programs\MiKTeX\tex/latex/pgf/basiclayer\pgfcor
e.sty
(C:\Users\Usuario\AppData\Local\Programs\MiKTeX\tex/latex/pgf/systemlayer\pgfsy
s.sty
(C:\Users\Usuario\AppData\Local\Programs\MiKTeX\tex/generic/pgf/systemlayer\pgf
sys.code.tex
Package: pgfsys 2023-01-15 v3.1.10 (3.1.10)

(C:\Users\Usuario\AppData\Local\Programs\MiKTeX\tex/generic/pgf/utilities\pgfke
ys.code.tex
\pgfkeys@pathtoks=\toks33
\pgfkeys@temptoks=\toks34

(C:\Users\Usuario\AppData\Local\Programs\MiKTeX\tex/generic/pgf/utilities\pgfke
yslibraryfiltered.code.tex
\pgfkeys@tmptoks=\toks35
))
\pgf@x=\dimen178
\pgf@y=\dimen179
\pgf@xa=\dimen180
\pgf@ya=\dimen181
\pgf@xb=\dimen182
\pgf@yb=\dimen183
\pgf@xc=\dimen184
\pgf@yc=\dimen185
\pgf@xd=\dimen186
\pgf@yd=\dimen187
\w@pgf@writea=\write3
\r@pgf@reada=\read3
\c@pgf@counta=\count310
\c@pgf@countb=\count311
\c@pgf@countc=\count312
\c@pgf@countd=\count313
\t@pgf@toka=\toks36
\t@pgf@tokb=\toks37
\t@pgf@tokc=\toks38
\pgf@sys@id@count=\count314

(C:\Users\Usuario\AppData\Local\Programs\MiKTeX\tex/generic/pgf/systemlayer\pgf
.cfg
File: pgf.cfg 2023-01-15 v3.1.10 (3.1.10)
)
Driver file for pgf: pgfsys-pdftex.def

(C:\Users\Usuario\AppData\Local\Programs\MiKTeX\tex/generic/pgf/systemlayer\pgf
sys-pdftex.def
File: pgfsys-pdftex.def 2023-01-15 v3.1.10 (3.1.10)

(C:\Users\Usuario\AppData\Local\Programs\MiKTeX\tex/generic/pgf/systemlayer\pgf
sys-common-pdf.def
File: pgfsys-common-pdf.def 2023-01-15 v3.1.10 (3.1.10)
)))
(C:\Users\Usuario\AppData\Local\Programs\MiKTeX\tex/generic/pgf/systemlayer\pgf
syssoftpath.code.tex
File: pgfsyssoftpath.code.tex 2023-01-15 v3.1.10 (3.1.10)
\pgfsyssoftpath@smallbuffer@items=\count315
\pgfsyssoftpath@bigbuffer@items=\count316
)
(C:\Users\Usuario\AppData\Local\Programs\MiKTeX\tex/generic/pgf/systemlayer\pgf
sysprotocol.code.tex
File: pgfsysprotocol.code.tex 2023-01-15 v3.1.10 (3.1.10)
))
(C:\Users\Usuario\AppData\Local\Programs\MiKTeX\tex/generic/pgf/basiclayer\pgfc
ore.code.tex
Package: pgfcore 2023-01-15 v3.1.10 (3.1.10)

(C:\Users\Usuario\AppData\Local\Programs\MiKTeX\tex/generic/pgf/math\pgfmath.co
de.tex
(C:\Users\Usuario\AppData\Local\Programs\MiKTeX\tex/generic/pgf/math\pgfmathuti
l.code.tex)
(C:\Users\Usuario\AppData\Local\Programs\MiKTeX\tex/generic/pgf/math\pgfmathpar
ser.code.tex
\pgfmath@dimen=\dimen188
\pgfmath@count=\count317
\pgfmath@box=\box60
\pgfmath@toks=\toks39
\pgfmath@stack@operand=\toks40
\pgfmath@stack@operation=\toks41
)
(C:\Users\Usuario\AppData\Local\Programs\MiKTeX\tex/generic/pgf/math\pgfmathfun
ctions.code.tex)
(C:\Users\Usuario\AppData\Local\Programs\MiKTeX\tex/generic/pgf/math\pgfmathfun
ctions.basic.code.tex)
(C:\Users\Usuario\AppData\Local\Programs\MiKTeX\tex/generic/pgf/math\pgfmathfun
ctions.trigonometric.code.tex)
(C:\Users\Usuario\AppData\Local\Programs\MiKTeX\tex/generic/pgf/math\pgfmathfun
ctions.random.code.tex)
(C:\Users\Usuario\AppData\Local\Programs\MiKTeX\tex/generic/pgf/math\pgfmathfun
ctions.comparison.code.tex)
(C:\Users\Usuario\AppData\Local\Programs\MiKTeX\tex/generic/pgf/math\pgfmathfun
ctions.base.code.tex)
(C:\Users\Usuario\AppData\Local\Programs\MiKTeX\tex/generic/pgf/math\pgfmathfun
ctions.round.code.tex)
(C:\Users\Usuario\AppData\Local\Programs\MiKTeX\tex/generic/pgf/math\pgfmathfun
ctions.misc.code.tex)
(C:\Users\Usuario\AppData\Local\Programs\MiKTeX\tex/generic/pgf/math\pgfmathfun
ctions.integerarithmetics.code.tex)
(C:\Users\Usuario\AppData\Local\Programs\MiKTeX\tex/generic/pgf/math\pgfmathcal
c.code.tex)
(C:\Users\Usuario\AppData\Local\Programs\MiKTeX\tex/generic/pgf/math\pgfmathflo
at.code.tex
\c@pgfmathroundto@lastzeros=\count318
))
(C:\Users\Usuario\AppData\Local\Programs\MiKTeX\tex/generic/pgf/math\pgfint.cod
e.tex)
(C:\Users\Usuario\AppData\Local\Programs\MiKTeX\tex/generic/pgf/basiclayer\pgfc
orepoints.code.tex
File: pgfcorepoints.code.tex 2023-01-15 v3.1.10 (3.1.10)
\pgf@picminx=\dimen189
\pgf@picmaxx=\dimen190
\pgf@picminy=\dimen191
\pgf@picmaxy=\dimen192
\pgf@pathminx=\dimen193
\pgf@pathmaxx=\dimen194
\pgf@pathminy=\dimen195
\pgf@pathmaxy=\dimen196
\pgf@xx=\dimen197
\pgf@xy=\dimen198
\pgf@yx=\dimen199
\pgf@yy=\dimen256
\pgf@zx=\dimen257
\pgf@zy=\dimen258
)
(C:\Users\Usuario\AppData\Local\Programs\MiKTeX\tex/generic/pgf/basiclayer\pgfc
orepathconstruct.code.tex
File: pgfcorepathconstruct.code.tex 2023-01-15 v3.1.10 (3.1.10)
\pgf@path@lastx=\dimen259
\pgf@path@lasty=\dimen260
)
(C:\Users\Usuario\AppData\Local\Programs\MiKTeX\tex/generic/pgf/basiclayer\pgfc
orepathusage.code.tex
File: pgfcorepathusage.code.tex 2023-01-15 v3.1.10 (3.1.10)
\pgf@shorten@end@additional=\dimen261
\pgf@shorten@start@additional=\dimen262
)
(C:\Users\Usuario\AppData\Local\Programs\MiKTeX\tex/generic/pgf/basiclayer\pgfc
orescopes.code.tex
File: pgfcorescopes.code.tex 2023-01-15 v3.1.10 (3.1.10)
\pgfpic=\box61
\pgf@hbox=\box62
\pgf@layerbox@main=\box63
\pgf@picture@serial@count=\count319
)
(C:\Users\Usuario\AppData\Local\Programs\MiKTeX\tex/generic/pgf/basiclayer\pgfc
oregraphicstate.code.tex
File: pgfcoregraphicstate.code.tex 2023-01-15 v3.1.10 (3.1.10)
\pgflinewidth=\dimen263
)
(C:\Users\Usuario\AppData\Local\Programs\MiKTeX\tex/generic/pgf/basiclayer\pgfc
oretransformations.code.tex
File: pgfcoretransformations.code.tex 2023-01-15 v3.1.10 (3.1.10)
\pgf@pt@x=\dimen264
\pgf@pt@y=\dimen265
\pgf@pt@temp=\dimen266
)
(C:\Users\Usuario\AppData\Local\Programs\MiKTeX\tex/generic/pgf/basiclayer\pgfc
orequick.code.tex
File: pgfcorequick.code.tex 2023-01-15 v3.1.10 (3.1.10)
)
(C:\Users\Usuario\AppData\Local\Programs\MiKTeX\tex/generic/pgf/basiclayer\pgfc
oreobjects.code.tex
File: pgfcoreobjects.code.tex 2023-01-15 v3.1.10 (3.1.10)
)
(C:\Users\Usuario\AppData\Local\Programs\MiKTeX\tex/generic/pgf/basiclayer\pgfc
orepathprocessing.code.tex
File: pgfcorepathprocessing.code.tex 2023-01-15 v3.1.10 (3.1.10)
)
(C:\Users\Usuario\AppData\Local\Programs\MiKTeX\tex/generic/pgf/basiclayer\pgfc
orearrows.code.tex
File: pgfcorearrows.code.tex 2023-01-15 v3.1.10 (3.1.10)
\pgfarrowsep=\dimen267
)
(C:\Users\Usuario\AppData\Local\Programs\MiKTeX\tex/generic/pgf/basiclayer\pgfc
oreshade.code.tex
File: pgfcoreshade.code.tex 2023-01-15 v3.1.10 (3.1.10)
\pgf@max=\dimen268
\pgf@sys@shading@range@num=\count320
\pgf@shadingcount=\count321
)
(C:\Users\Usuario\AppData\Local\Programs\MiKTeX\tex/generic/pgf/basiclayer\pgfc
oreimage.code.tex
File: pgfcoreimage.code.tex 2023-01-15 v3.1.10 (3.1.10)
)
(C:\Users\Usuario\AppData\Local\Programs\MiKTeX\tex/generic/pgf/basiclayer\pgfc
oreexternal.code.tex
File: pgfcoreexternal.code.tex 2023-01-15 v3.1.10 (3.1.10)
\pgfexternal@startupbox=\box64
)
(C:\Users\Usuario\AppData\Local\Programs\MiKTeX\tex/generic/pgf/basiclayer\pgfc
orelayers.code.tex
File: pgfcorelayers.code.tex 2023-01-15 v3.1.10 (3.1.10)
)
(C:\Users\Usuario\AppData\Local\Programs\MiKTeX\tex/generic/pgf/basiclayer\pgfc
oretransparency.code.tex
File: pgfcoretransparency.code.tex 2023-01-15 v3.1.10 (3.1.10)
)
(C:\Users\Usuario\AppData\Local\Programs\MiKTeX\tex/generic/pgf/basiclayer\pgfc
orepatterns.code.tex
File: pgfcorepatterns.code.tex 2023-01-15 v3.1.10 (3.1.10)
)
(C:\Users\Usuario\AppData\Local\Programs\MiKTeX\tex/generic/pgf/basiclayer\pgfc
orerdf.code.tex
File: pgfcorerdf.code.tex 2023-01-15 v3.1.10 (3.1.10)
)))
(C:\Users\Usuario\AppData\Local\Programs\MiKTeX\tex/generic/pgf/modules\pgfmodu
leshapes.code.tex
File: pgfmoduleshapes.code.tex 2023-01-15 v3.1.10 (3.1.10)
\pgfnodeparttextbox=\box65
)
(C:\Users\Usuario\AppData\Local\Programs\MiKTeX\tex/generic/pgf/modules\pgfmodu
leplot.code.tex
File: pgfmoduleplot.code.tex 2023-01-15 v3.1.10 (3.1.10)
)
(C:\Users\Usuario\AppData\Local\Programs\MiKTeX\tex/latex/pgf/compatibility\pgf
comp-version-0-65.sty
Package: pgfcomp-version-0-65 2023-01-15 v3.1.10 (3.1.10)
\pgf@nodesepstart=\dimen269
\pgf@nodesepend=\dimen270
)
(C:\Users\Usuario\AppData\Local\Programs\MiKTeX\tex/latex/pgf/compatibility\pgf
comp-version-1-18.sty
Package: pgfcomp-version-1-18 2023-01-15 v3.1.10 (3.1.10)
))
(C:\Users\Usuario\AppData\Local\Programs\MiKTeX\tex/latex/pgf/utilities\pgffor.
sty
(C:\Users\Usuario\AppData\Local\Programs\MiKTeX\tex/latex/pgf/utilities\pgfkeys
.sty
(C:\Users\Usuario\AppData\Local\Programs\MiKTeX\tex/generic/pgf/utilities\pgfke
ys.code.tex))
(C:\Users\Usuario\AppData\Local\Programs\MiKTeX\tex/latex/pgf/math\pgfmath.sty
(C:\Users\Usuario\AppData\Local\Programs\MiKTeX\tex/generic/pgf/math\pgfmath.co
de.tex))
(C:\Users\Usuario\AppData\Local\Programs\MiKTeX\tex/generic/pgf/utilities\pgffo
r.code.tex
Package: pgffor 2023-01-15 v3.1.10 (3.1.10)
\pgffor@iter=\dimen271
\pgffor@skip=\dimen272
\pgffor@stack=\toks42
\pgffor@toks=\toks43
))
(C:\Users\Usuario\AppData\Local\Programs\MiKTeX\tex/generic/pgf/frontendlayer/t
ikz\tikz.code.tex
Package: tikz 2023-01-15 v3.1.10 (3.1.10)

(C:\Users\Usuario\AppData\Local\Programs\MiKTeX\tex/generic/pgf/libraries\pgfli
braryplothandlers.code.tex
File: pgflibraryplothandlers.code.tex 2023-01-15 v3.1.10 (3.1.10)
\pgf@plot@mark@count=\count322
\pgfplotmarksize=\dimen273
)
\tikz@lastx=\dimen274
\tikz@lasty=\dimen275
\tikz@lastxsaved=\dimen276
\tikz@lastysaved=\dimen277
\tikz@lastmovetox=\dimen278
\tikz@lastmovetoy=\dimen279
\tikzleveldistance=\dimen280
\tikzsiblingdistance=\dimen281
\tikz@figbox=\box66
\tikz@figbox@bg=\box67
\tikz@tempbox=\box68
\tikz@tempbox@bg=\box69
\tikztreelevel=\count323
\tikznumberofchildren=\count324
\tikznumberofcurrentchild=\count325
\tikz@fig@count=\count326

(C:\Users\Usuario\AppData\Local\Programs\MiKTeX\tex/generic/pgf/modules\pgfmodu
lematrix.code.tex
File: pgfmodulematrix.code.tex 2023-01-15 v3.1.10 (3.1.10)
\pgfmatrixcurrentrow=\count327
\pgfmatrixcurrentcolumn=\count328
\pgf@matrix@numberofcolumns=\count329
)
\tikz@expandcount=\count330

(C:\Users\Usuario\AppData\Local\Programs\MiKTeX\tex/generic/pgf/frontendlayer/t
ikz/libraries\tikzlibrarytopaths.code.tex
File: tikzlibrarytopaths.code.tex 2023-01-15 v3.1.10 (3.1.10)
)))
(C:\Users\Usuario\AppData\Local\Programs\MiKTeX\tex/latex/hyperref\hyperref.sty
Package: hyperref 2025-07-12 v7.01o Hypertext links for LaTeX

(C:\Users\Usuario\AppData\Local\Programs\MiKTeX\tex/latex/kvsetkeys\kvsetkeys.s
ty
Package: kvsetkeys 2022-10-05 v1.19 Key value parser (HO)
)
(C:\Users\Usuario\AppData\Local\Programs\MiKTeX\tex/generic/kvdefinekeys\kvdefi
nekeys.sty
Package: kvdefinekeys 2019-12-19 v1.6 Define keys (HO)
)
(C:\Users\Usuario\AppData\Local\Programs\MiKTeX\tex/generic/pdfescape\pdfescape
.sty
Package: pdfescape 2019/12/09 v1.15 Implements pdfTeX's escape features (HO)

(C:\Users\Usuario\AppData\Local\Programs\MiKTeX\tex/generic/ltxcmds\ltxcmds.sty
Package: ltxcmds 2023-12-04 v1.26 LaTeX kernel commands for general use (HO)
)
(C:\Users\Usuario\AppData\Local\Programs\MiKTeX\tex/generic/pdftexcmds\pdftexcm
ds.sty
Package: pdftexcmds 2020-06-27 v0.33 Utility functions of pdfTeX for LuaTeX (HO
)

(C:\Users\Usuario\AppData\Local\Programs\MiKTeX\tex/generic/infwarerr\infwarerr
.sty
Package: infwarerr 2019/12/03 v1.5 Providing info/warning/error messages (HO)
)
Package pdftexcmds Info: \pdf@primitive is available.
Package pdftexcmds Info: \pdf@ifprimitive is available.
Package pdftexcmds Info: \pdfdraftmode found.
))
(C:\Users\Usuario\AppData\Local\Programs\MiKTeX\tex/latex/hycolor\hycolor.sty
Package: hycolor 2020-01-27 v1.10 Color options for hyperref/bookmark (HO)
)
(C:\Users\Usuario\AppData\Local\Programs\MiKTeX\tex/latex/hyperref\nameref.sty
Package: nameref 2025-06-21 v2.57 Cross-referencing by name of section

(C:\Users\Usuario\AppData\Local\Programs\MiKTeX\tex/latex/refcount\refcount.sty
Package: refcount 2019/12/15 v3.6 Data extraction from label references (HO)
)
(C:\Users\Usuario\AppData\Local\Programs\MiKTeX\tex/generic/gettitlestring\gett
itlestring.sty
Package: gettitlestring 2019/12/15 v1.6 Cleanup title references (HO)

(C:\Users\Usuario\AppData\Local\Programs\MiKTeX\tex/latex/kvoptions\kvoptions.s
ty
Package: kvoptions 2022-06-15 v3.15 Key value format for package options (HO)
))
\c@section@level=\count331
)
(C:\Users\Usuario\AppData\Local\Programs\MiKTeX\tex/generic/stringenc\stringenc
.sty
Package: stringenc 2019/11/29 v1.12 Convert strings between diff. encodings (HO
)
)
\@linkdim=\dimen282
\Hy@linkcounter=\count332
\Hy@pagecounter=\count333

(C:\Users\Usuario\AppData\Local\Programs\MiKTeX\tex/latex/hyperref\pd1enc.def
File: pd1enc.def 2025-07-12 v7.01o Hyperref: PDFDocEncoding definition (HO)
Now handling font encoding PD1 ...
... no UTF-8 mapping file for font encoding PD1
)
(C:\Users\Usuario\AppData\Local\Programs\MiKTeX\tex/generic/intcalc\intcalc.sty
Package: intcalc 2019/12/15 v1.3 Expandable calculations with integers (HO)
)
\Hy@SavedSpaceFactor=\count334
 (C:\Users\Usuario\AppData\Local\Programs\MiKTeX\tex/latex/hyperref\puenc.def
File: puenc.def 2025-07-12 v7.01o Hyperref: PDF Unicode definition (HO)
Now handling font encoding PU ...
... no UTF-8 mapping file for font encoding PU
)
Package hyperref Info: Hyper figures OFF on input line 4195.
Package hyperref Info: Link nesting OFF on input line 4200.
Package hyperref Info: Hyper index ON on input line 4203.
Package hyperref Info: Plain pages OFF on input line 4210.
Package hyperref Info: Backreferencing OFF on input line 4215.
Package hyperref Info: Implicit mode ON; LaTeX internals redefined.
Package hyperref Info: Bookmarks ON on input line 4462.
\c@Hy@tempcnt=\count335
(C:\Users\Usuario\AppData\Local\Programs\MiKTeX\tex/latex/url\url.sty
\Urlmuskip=\muskip18
Package: url 2013/09/16  ver 3.4  Verb mode for urls, etc.
)
LaTeX Info: Redefining \url on input line 4801.
\XeTeXLinkMargin=\dimen283

(C:\Users\Usuario\AppData\Local\Programs\MiKTeX\tex/generic/bitset\bitset.sty
Package: bitset 2019/12/09 v1.3 Handle bit-vector datatype (HO)

(C:\Users\Usuario\AppData\Local\Programs\MiKTeX\tex/generic/bigintcalc\bigintca
lc.sty
Package: bigintcalc 2019/12/15 v1.5 Expandable calculations on big integers (HO
)
))
\Fld@menulength=\count336
\Field@Width=\dimen284
\Fld@charsize=\dimen285
Package hyperref Info: Hyper figures OFF on input line 6078.
Package hyperref Info: Link nesting OFF on input line 6083.
Package hyperref Info: Hyper index ON on input line 6086.
Package hyperref Info: backreferencing OFF on input line 6093.
Package hyperref Info: Link coloring OFF on input line 6098.
Package hyperref Info: Link coloring with OCG OFF on input line 6103.
Package hyperref Info: PDF/A mode OFF on input line 6108.
\Hy@abspage=\count337
\c@Item=\count338
\c@Hfootnote=\count339
)
Package hyperref Info: Driver (autodetected): hpdftex.

(C:\Users\Usuario\AppData\Local\Programs\MiKTeX\tex/latex/hyperref\hpdftex.def
File: hpdftex.def 2025-07-12 v7.01o Hyperref driver for pdfTeX
\Fld@listcount=\count340
\c@bookmark@seq@number=\count341

(C:\Users\Usuario\AppData\Local\Programs\MiKTeX\tex/latex/rerunfilecheck\rerunf
ilecheck.sty
Package: rerunfilecheck 2025-06-21 v1.11 Rerun checks for auxiliary files (HO)

(C:\Users\Usuario\AppData\Local\Programs\MiKTeX\tex/generic/uniquecounter\uniqu
ecounter.sty
Package: uniquecounter 2019/12/15 v1.4 Provide unlimited unique counter (HO)
)
Package uniquecounter Info: New unique counter `rerunfilecheck' on input line 2
84.
)
\Hy@SectionHShift=\skip57
)
(C:\Users\Usuario\AppData\Local\Programs\MiKTeX\tex/latex/amscls\amsthm.sty
Package: amsthm 2020/05/29 v2.20.6
\thm@style=\toks44
\thm@bodyfont=\toks45
\thm@headfont=\toks46
\thm@notefont=\toks47
\thm@headpunct=\toks48
\thm@preskip=\skip58
\thm@postskip=\skip59
\thm@headsep=\skip60
\dth@everypar=\toks49
)
\c@teorema=\count342
LaTeX Font Info:    Trying to load font information for T1+lmr on input line 30
5.

(C:\Users\Usuario\AppData\Local\Programs\MiKTeX\tex/latex/lm\t1lmr.fd
File: t1lmr.fd 2015/05/01 v1.6.1 Font defs for Latin Modern
)
(C:\Users\Usuario\AppData\Local\Programs\MiKTeX\tex/latex/l3backend\l3backend-p
dftex.def
File: l3backend-pdftex.def 2025-06-09 L3 backend support: PDF output (pdfTeX)
\l__color_backend_stack_int=\count343
) (MemoriaVGalilea.aux
LaTeX Info: Redefining \. on input line 11.
LaTeX Info: Redefining \% on input line 11.
Package babel Info: 'spanish' activates 'spanish' shorthands.
(babel)             Reported on input line 11.
 (TesisVG_Cap3.aux

LaTeX Warning: Label `esparam_fig0' multiply defined.

) (TesisVG_Cap5.aux) (VG_Biblio.aux))
\openout1 = `MemoriaVGalilea.aux'.

LaTeX Font Info:    Checking defaults for OML/cmm/m/it on input line 305.
LaTeX Font Info:    ... okay on input line 305.
LaTeX Font Info:    Checking defaults for OMS/cmsy/m/n on input line 305.
LaTeX Font Info:    ... okay on input line 305.
LaTeX Font Info:    Checking defaults for OT1/cmr/m/n on input line 305.
LaTeX Font Info:    ... okay on input line 305.
LaTeX Font Info:    Checking defaults for T1/cmr/m/n on input line 305.
LaTeX Font Info:    ... okay on input line 305.
LaTeX Font Info:    Checking defaults for TS1/cmr/m/n on input line 305.
LaTeX Font Info:    ... okay on input line 305.
LaTeX Font Info:    Checking defaults for OMX/cmex/m/n on input line 305.
LaTeX Font Info:    ... okay on input line 305.
LaTeX Font Info:    Checking defaults for U/cmr/m/n on input line 305.
LaTeX Font Info:    ... okay on input line 305.
LaTeX Font Info:    Checking defaults for PD1/pdf/m/n on input line 305.
LaTeX Font Info:    ... okay on input line 305.
LaTeX Font Info:    Checking defaults for PU/pdf/m/n on input line 305.
LaTeX Font Info:    ... okay on input line 305.
LaTeX Info: Redefining \. on input line 305.
LaTeX Info: Redefining \% on input line 305.

*geometry* driver: auto-detecting
*geometry* detected driver: pdftex
*geometry* verbose mode - [ preamble ] result:
* driver: pdftex
* paper: custom
* layout: <same size as paper>
* layoutoffset:(h,v)=(0.0pt,0.0pt)
* modes: twoside 
* h-part:(L,W,R)=(71.13188pt, 472.31577pt, 56.9055pt)
* v-part:(T,H,B)=(85.35826pt, 674.3303pt, 85.35828pt)
* \paperwidth=600.35315pt
* \paperheight=845.04684pt
* \textwidth=472.31577pt
* \textheight=674.3303pt
* \oddsidemargin=-1.1381pt
* \evensidemargin=-15.36449pt
* \topmargin=-18.78552pt
* \headheight=12.0pt
* \headsep=19.8738pt
* \topskip=12.0pt
* \footskip=30.0pt
* \marginparwidth=88.0pt
* \marginparsep=7.0pt
* \columnsep=28.45274pt
* \skip\footins=10.8pt plus 4.0pt minus 2.0pt
* \hoffset=0.0pt
* \voffset=0.0pt
* \mag=1000
* \@twocolumnfalse
* \@twosidetrue
* \@mparswitchtrue
* \@reversemarginfalse
* (1in=72.27pt=25.4mm, 1cm=28.453pt)


(C:\Users\Usuario\AppData\Local\Programs\MiKTeX\tex/context/base/mkii\supp-pdf.
mkii
[Loading MPS to PDF converter (version 2006.09.02).]
\scratchcounter=\count344
\scratchdimen=\dimen286
\scratchbox=\box70
\nofMPsegments=\count345
\nofMParguments=\count346
\everyMPshowfont=\toks50
\MPscratchCnt=\count347
\MPscratchDim=\dimen287
\MPnumerator=\count348
\makeMPintoPDFobject=\count349
\everyMPtoPDFconversion=\toks51
)
(C:\Users\Usuario\AppData\Local\Programs\MiKTeX\tex/latex/epstopdf-pkg\epstopdf
-base.sty
Package: epstopdf-base 2020-01-24 v2.11 Base part for package epstopdf
Package epstopdf-base Info: Redefining graphics rule for `.eps' on input line 4
85.

(C:\Users\Usuario\AppData\Local\Programs\MiKTeX\tex/latex/00miktex\epstopdf-sys
.cfg
File: epstopdf-sys.cfg 2021/03/18 v2.0 Configuration of epstopdf for MiKTeX
))
(C:\Users\Usuario\AppData\Local\Programs\MiKTeX\tex/latex/pdflscape\pdflscape.s
ty
Package: pdflscape 2022-10-27 v0.13 Display of landscape pages in PDF

(C:\Users\Usuario\AppData\Local\Programs\MiKTeX\tex/latex/pdflscape\pdflscape-n
ometadata.sty
Package: pdflscape-nometadata 2022-10-28 v0.13 Display of landscape pages in PD
F (HO)

(C:\Users\Usuario\AppData\Local\Programs\MiKTeX\tex/latex/graphics\lscape.sty
Package: lscape 2020/05/28 v3.02 Landscape Pages (DPC)
)
Package pdflscape Info: Auto-detected driver: pdftex on input line 81.
))
Package hyperref Info: Link coloring OFF on input line 305.
 (MemoriaVGalilea.out) (MemoriaVGalilea.out)
\@outlinefile=\write4
\openout4 = `MemoriaVGalilea.out'.

LaTeX Font Info:    Trying to load font information for OT1+lmr on input line 3
18.

(C:\Users\Usuario\AppData\Local\Programs\MiKTeX\tex/latex/lm\ot1lmr.fd
File: ot1lmr.fd 2015/05/01 v1.6.1 Font defs for Latin Modern
)
LaTeX Font Info:    Trying to load font information for OML+lmm on input line 3
18.

(C:\Users\Usuario\AppData\Local\Programs\MiKTeX\tex/latex/lm\omllmm.fd
File: omllmm.fd 2015/05/01 v1.6.1 Font defs for Latin Modern
)
LaTeX Font Info:    Trying to load font information for OMS+lmsy on input line 
318.

(C:\Users\Usuario\AppData\Local\Programs\MiKTeX\tex/latex/lm\omslmsy.fd
File: omslmsy.fd 2015/05/01 v1.6.1 Font defs for Latin Modern
)
LaTeX Font Info:    Trying to load font information for OMX+lmex on input line 
318.

(C:\Users\Usuario\AppData\Local\Programs\MiKTeX\tex/latex/lm\omxlmex.fd
File: omxlmex.fd 2015/05/01 v1.6.1 Font defs for Latin Modern
)
LaTeX Font Info:    External font `lmex10' loaded for size
(Font)              <14.4> on input line 318.
LaTeX Font Info:    External font `lmex10' loaded for size
(Font)              <10> on input line 318.
LaTeX Font Info:    External font `lmex10' loaded for size
(Font)              <7> on input line 318.
LaTeX Font Info:    Trying to load font information for U+msa on input line 318
.

(C:\Users\Usuario\AppData\Local\Programs\MiKTeX\tex/latex/amsfonts\umsa.fd
File: umsa.fd 2013/01/14 v3.01 AMS symbols A
)
LaTeX Font Info:    Trying to load font information for U+msb on input line 318
.

(C:\Users\Usuario\AppData\Local\Programs\MiKTeX\tex/latex/amsfonts\umsb.fd
File: umsb.fd 2013/01/14 v3.01 AMS symbols B
)

[1



{C:/Users/Usuario/AppData/Local/MiKTeX/fonts/map/pdftex/pdftex.map}{C:/Users/Us
uario/AppData/Local/Programs/MiKTeX/fonts/enc/dvips/lm/lm-ec.enc}]

[2

] (MemoriaVGalilea.toc
LaTeX Info: Redefining \. on input line 1.
LaTeX Info: Redefining \% on input line 1.
LaTeX Font Info:    External font `lmex10' loaded for size
(Font)              <12> on input line 5.
LaTeX Font Info:    External font `lmex10' loaded for size
(Font)              <8> on input line 5.
LaTeX Font Info:    External font `lmex10' loaded for size
(Font)              <6> on input line 5.


[3{C:/Users/Usuario/AppData/Local/Programs/MiKTeX/fonts/enc/dvips/lm/lm-mathit.
enc}{C:/Users/Usuario/AppData/Local/Programs/MiKTeX/fonts/enc/dvips/lm/lm-rm.en
c}])
\tf@toc=\write5
\openout5 = `MemoriaVGalilea.toc'.



LaTeX Info: Redefining \. on input line 326.
LaTeX Info: Redefining \% on input line 326.
Package babel Info: 'spanish' activates 'spanish' shorthands.
(babel)             Reported on input line 326.
[4{C:/Users/Usuario/AppData/Local/Programs/MiKTeX/fonts/enc/dvips/lm/lm-mathsy.
enc}]
Cap\'{\i }tulo 1.


[1


]

[2

]
Cap\'{\i }tulo 2.


[3]
\openout2 = `TesisVG_Cap3.aux'.

 (TesisVG_Cap3.tex

[4


]
Cap\'{\i }tulo 3.


[5]
<Cayley1.jpg, id=394, 264.48813pt x 340.77313pt>
File: Cayley1.jpg Graphic file (type jpg)
<use Cayley1.jpg>
Package pdftex.def Info: Cayley1.jpg  used on input line 61.
(pdftex.def)             Requested size: 212.54065pt x 273.84082pt.
<Cayley2.pdf, id=395, 804.00375pt x 1096.095pt>
File: Cayley2.pdf Graphic file (type pdf)
<use Cayley2.pdf>
Package pdftex.def Info: Cayley2.pdf  used on input line 63.
(pdftex.def)             Requested size: 212.54065pt x 289.74461pt.
<NDfigura0.pdf, id=398, 232.87pt x 232.87pt>
File: NDfigura0.pdf Graphic file (type pdf)
<use NDfigura0.pdf>
Package pdftex.def Info: NDfigura0.pdf  used on input line 76.
(pdftex.def)             Requested size: 212.54065pt x 212.54805pt.
File: NDfigura0.pdf Graphic file (type pdf)
<use NDfigura0.pdf>
Package pdftex.def Info: NDfigura0.pdf  used on input line 78.
(pdftex.def)             Requested size: 212.54065pt x 212.54805pt.


LaTeX Info: Redefining \. on input line 87.
LaTeX Info: Redefining \% on input line 87.
[6 <./Cayley1.jpg> <./Cayley2.pdf>]

Package hyperref Warning: Token not allowed in a PDF string (Unicode):
(hyperref)                removing `math shift' on input line 93.


Package hyperref Warning: Token not allowed in a PDF string (Unicode):
(hyperref)                removing `math shift' on input line 93.



LaTeX Info: Redefining \. on input line 115.
LaTeX Info: Redefining \% on input line 115.
LaTeX Font Info:    External font `lmex10' loaded for size
(Font)              <5> on input line 115.
[7 <./NDfigura0.pdf>]

LaTeX Warning: Reference `HSS' on page 8 undefined on input line 182.


LaTeX Warning: Reference `SchleicherTheo' on page 8 undefined on input line 182
.



LaTeX Info: Redefining \. on input line 184.
LaTeX Info: Redefining \% on input line 184.
[8]

LaTeX Warning: Reference `Cayley-Sch' on page 9 undefined on input line 191.



LaTeX Info: Redefining \. on input line 233.
LaTeX Info: Redefining \% on input line 233.
[9]
File: NDfigura0.pdf Graphic file (type pdf)
<use NDfigura0.pdf>
Package pdftex.def Info: NDfigura0.pdf  used on input line 265.
(pdftex.def)             Requested size: 236.15788pt x 236.16687pt.


LaTeX Info: Redefining \. on input line 276.
LaTeX Info: Redefining \% on input line 276.
[10]
File: NDfigura0.pdf Graphic file (type pdf)
<use NDfigura0.pdf>
Package pdftex.def Info: NDfigura0.pdf  used on input line 279.
(pdftex.def)             Requested size: 212.54065pt x 212.54805pt.
File: NDfigura0.pdf Graphic file (type pdf)
<use NDfigura0.pdf>
Package pdftex.def Info: NDfigura0.pdf  used on input line 280.
(pdftex.def)             Requested size: 212.54065pt x 212.54805pt.


LaTeX Info: Redefining \. on input line 299.
LaTeX Info: Redefining \% on input line 299.
[11]

LaTeX Info: Redefining \. on input line 323.
LaTeX Info: Redefining \% on input line 323.
[12]

LaTeX Warning: Reference `reescalamiento' on page 13 undefined on input line 33
0.



LaTeX Info: Redefining \. on input line 396.
LaTeX Info: Redefining \% on input line 396.
[13{C:/Users/Usuario/AppData/Local/Programs/MiKTeX/fonts/enc/dvips/lm/lm-mathex
.enc}]
File: NDfigura0.pdf Graphic file (type pdf)
<use NDfigura0.pdf>
Package pdftex.def Info: NDfigura0.pdf  used on input line 411.
(pdftex.def)             Requested size: 212.54065pt x 212.54805pt.
File: NDfigura0.pdf Graphic file (type pdf)
<use NDfigura0.pdf>
Package pdftex.def Info: NDfigura0.pdf  used on input line 413.
(pdftex.def)             Requested size: 212.54065pt x 212.54805pt.


LaTeX Info: Redefining \. on input line 430.
LaTeX Info: Redefining \% on input line 430.
[14]
File: NDfigura0.pdf Graphic file (type pdf)
<use NDfigura0.pdf>
Package pdftex.def Info: NDfigura0.pdf  used on input line 445.
(pdftex.def)             Requested size: 212.54065pt x 212.54805pt.
File: NDfigura0.pdf Graphic file (type pdf)
<use NDfigura0.pdf>
Package pdftex.def Info: NDfigura0.pdf  used on input line 447.
(pdftex.def)             Requested size: 212.54065pt x 212.54805pt.


LaTeX Info: Redefining \. on input line 466.
LaTeX Info: Redefining \% on input line 466.
[15]
File: NDfigura0.pdf Graphic file (type pdf)
<use NDfigura0.pdf>
Package pdftex.def Info: NDfigura0.pdf  used on input line 475.
(pdftex.def)             Requested size: 212.54065pt x 212.54805pt.
File: NDfigura0.pdf Graphic file (type pdf)
<use NDfigura0.pdf>
Package pdftex.def Info: NDfigura0.pdf  used on input line 477.
(pdftex.def)             Requested size: 212.54065pt x 212.54805pt.
File: NDfigura0.pdf Graphic file (type pdf)
<use NDfigura0.pdf>
Package pdftex.def Info: NDfigura0.pdf  used on input line 492.
(pdftex.def)             Requested size: 212.54065pt x 212.54805pt.
File: NDfigura0.pdf Graphic file (type pdf)
<use NDfigura0.pdf>
Package pdftex.def Info: NDfigura0.pdf  used on input line 494.
(pdftex.def)             Requested size: 212.54065pt x 212.54805pt.


LaTeX Info: Redefining \. on input line 506.
LaTeX Info: Redefining \% on input line 506.
[16]

LaTeX Warning: Reference `ejem4.5' on page 17 undefined on input line 523.



LaTeX Info: Redefining \. on input line 526.
LaTeX Info: Redefining \% on input line 526.
[17]

LaTeX Warning: Reference `fig44:2' on page 18 undefined on input line 535.

)

LaTeX Info: Redefining \. on input line 369.
LaTeX Info: Redefining \% on input line 369.
[18]
\openout2 = `TesisVG_Cap5.aux'.

 (TesisVG_Cap5.tex
Cap\'{\i }tulo 4.

Overfull \hbox (4.28131pt too wide) in paragraph at lines 8--8
[]\T1/lmr/bx/n/17.28 Introducción: Mé-to-do de Schrö-der y con-cep-tos fun-
 []


LaTeX Warning: Citation `Sch' on page 19 undefined on input line 12.



[19




]

LaTeX Warning: Citation `Cay' on page 20 undefined on input line 46.



LaTeX Info: Redefining \. on input line 63.
LaTeX Info: Redefining \% on input line 63.
[20]

Package hyperref Warning: Token not allowed in a PDF string (Unicode):
(hyperref)                removing `math shift' on input line 91.


Package hyperref Warning: Token not allowed in a PDF string (Unicode):
(hyperref)                removing `subscript' on input line 91.


Package hyperref Warning: Token not allowed in a PDF string (Unicode):
(hyperref)                removing `math shift' on input line 91.



LaTeX Info: Redefining \. on input line 102.
LaTeX Info: Redefining \% on input line 102.
[21]

LaTeX Info: Redefining \. on input line 148.
LaTeX Info: Redefining \% on input line 148.
[22]

LaTeX Info: Redefining \. on input line 182.
LaTeX Info: Redefining \% on input line 182.
[23]

Package hyperref Warning: Token not allowed in a PDF string (Unicode):
(hyperref)                removing `math shift' on input line 187.


Package hyperref Warning: Token not allowed in a PDF string (Unicode):
(hyperref)                removing `math shift' on input line 187.

<fuentes/articulo-cuadraticos/imagenes/sch_m_2n_1.jpg, id=613, 542.025pt x 556.
0775pt>
File: fuentes/articulo-cuadraticos/imagenes/sch_m_2n_1.jpg Graphic file (type j
pg)
<use fuentes/articulo-cuadraticos/imagenes/sch_m_2n_1.jpg>
Package pdftex.def Info: fuentes/articulo-cuadraticos/imagenes/sch_m_2n_1.jpg  
used on input line 195.
(pdftex.def)             Requested size: 208.28893pt x 213.68745pt.
LaTeX Font Info:    External font `lmex10' loaded for size
(Font)              <10.95> on input line 196.
<fuentes/articulo-cuadraticos/imagenes/newton_m_2n_1.jpg, id=614, 542.025pt x 5
56.0775pt>
File: fuentes/articulo-cuadraticos/imagenes/newton_m_2n_1.jpg Graphic file (typ
e jpg)
<use fuentes/articulo-cuadraticos/imagenes/newton_m_2n_1.jpg>
Package pdftex.def Info: fuentes/articulo-cuadraticos/imagenes/newton_m_2n_1.jp
g  used on input line 200.
(pdftex.def)             Requested size: 208.28893pt x 213.68745pt.
<fuentes/articulo-cuadraticos/imagenes/sch_m_5n_1.jpg, id=615, 542.025pt x 556.
0775pt>
File: fuentes/articulo-cuadraticos/imagenes/sch_m_5n_1.jpg Graphic file (type j
pg)
<use fuentes/articulo-cuadraticos/imagenes/sch_m_5n_1.jpg>
Package pdftex.def Info: fuentes/articulo-cuadraticos/imagenes/sch_m_5n_1.jpg  
used on input line 208.
(pdftex.def)             Requested size: 208.28893pt x 213.68745pt.
<fuentes/articulo-cuadraticos/imagenes/newton_m_5n_1.jpg, id=616, 542.025pt x 5
56.0775pt>
File: fuentes/articulo-cuadraticos/imagenes/newton_m_5n_1.jpg Graphic file (typ
e jpg)
<use fuentes/articulo-cuadraticos/imagenes/newton_m_5n_1.jpg>
Package pdftex.def Info: fuentes/articulo-cuadraticos/imagenes/newton_m_5n_1.jp
g  used on input line 213.
(pdftex.def)             Requested size: 208.28893pt x 213.68745pt.
<fuentes/articulo-cuadraticos/imagenes/sch_m_8n_1.jpg, id=617, 542.025pt x 556.
0775pt>
File: fuentes/articulo-cuadraticos/imagenes/sch_m_8n_1.jpg Graphic file (type j
pg)
<use fuentes/articulo-cuadraticos/imagenes/sch_m_8n_1.jpg>
Package pdftex.def Info: fuentes/articulo-cuadraticos/imagenes/sch_m_8n_1.jpg  
used on input line 221.
(pdftex.def)             Requested size: 208.28893pt x 213.68745pt.
<fuentes/articulo-cuadraticos/imagenes/newton_m_8n_1.jpg, id=618, 542.025pt x 5
56.0775pt>
File: fuentes/articulo-cuadraticos/imagenes/newton_m_8n_1.jpg Graphic file (typ
e jpg)
<use fuentes/articulo-cuadraticos/imagenes/newton_m_8n_1.jpg>
Package pdftex.def Info: fuentes/articulo-cuadraticos/imagenes/newton_m_8n_1.jp
g  used on input line 226.
(pdftex.def)             Requested size: 208.28893pt x 213.68745pt.

Underfull \vbox (badness 10000) has occurred while \output is active []



LaTeX Info: Redefining \. on input line 233.
LaTeX Info: Redefining \% on input line 233.
[24]
Overfull \vbox (149.80276pt too high) has occurred while \output is active []



LaTeX Info: Redefining \. on input line 233.
LaTeX Info: Redefining \% on input line 233.
[25 <./fuentes/articulo-cuadraticos/imagenes/sch_m_2n_1.jpg> <./fuentes/articul
o-cuadraticos/imagenes/newton_m_2n_1.jpg> <./fuentes/articulo-cuadraticos/image
nes/sch_m_5n_1.jpg> <./fuentes/articulo-cuadraticos/imagenes/newton_m_5n_1.jpg>
 <./fuentes/articulo-cuadraticos/imagenes/sch_m_8n_1.jpg> <./fuentes/articulo-c
uadraticos/imagenes/newton_m_8n_1.jpg>]

Package hyperref Warning: Token not allowed in a PDF string (Unicode):
(hyperref)                removing `math shift' on input line 234.


Package hyperref Warning: Token not allowed in a PDF string (Unicode):
(hyperref)                removing `math shift' on input line 234.

<fuentes/articulo-cuadraticos/imagenes/sch_n_6_m_6.jpg, id=631, 542.025pt x 556
.0775pt>
File: fuentes/articulo-cuadraticos/imagenes/sch_n_6_m_6.jpg Graphic file (type 
jpg)
<use fuentes/articulo-cuadraticos/imagenes/sch_n_6_m_6.jpg>
Package pdftex.def Info: fuentes/articulo-cuadraticos/imagenes/sch_n_6_m_6.jpg 
 used on input line 242.
(pdftex.def)             Requested size: 208.28893pt x 213.68745pt.
<fuentes/articulo-cuadraticos/imagenes/newton_n_6_m_6.jpg, id=632, 542.025pt x 
556.0775pt>
File: fuentes/articulo-cuadraticos/imagenes/newton_n_6_m_6.jpg Graphic file (ty
pe jpg)
<use fuentes/articulo-cuadraticos/imagenes/newton_n_6_m_6.jpg>
Package pdftex.def Info: fuentes/articulo-cuadraticos/imagenes/newton_n_6_m_6.j
pg  used on input line 247.
(pdftex.def)             Requested size: 208.28893pt x 213.68745pt.
<fuentes/articulo-cuadraticos/imagenes/sch_m_7n_6.jpg, id=633, 542.025pt x 556.
0775pt>
File: fuentes/articulo-cuadraticos/imagenes/sch_m_7n_6.jpg Graphic file (type j
pg)
<use fuentes/articulo-cuadraticos/imagenes/sch_m_7n_6.jpg>
Package pdftex.def Info: fuentes/articulo-cuadraticos/imagenes/sch_m_7n_6.jpg  
used on input line 255.
(pdftex.def)             Requested size: 208.28893pt x 213.68745pt.
<fuentes/articulo-cuadraticos/imagenes/newton_m_7n_6.jpg, id=634, 542.025pt x 5
56.0775pt>
File: fuentes/articulo-cuadraticos/imagenes/newton_m_7n_6.jpg Graphic file (typ
e jpg)
<use fuentes/articulo-cuadraticos/imagenes/newton_m_7n_6.jpg>
Package pdftex.def Info: fuentes/articulo-cuadraticos/imagenes/newton_m_7n_6.jp
g  used on input line 260.
(pdftex.def)             Requested size: 208.28893pt x 213.68745pt.
<fuentes/articulo-cuadraticos/imagenes/sch_m_8n_6.jpg, id=635, 542.025pt x 556.
0775pt>
File: fuentes/articulo-cuadraticos/imagenes/sch_m_8n_6.jpg Graphic file (type j
pg)
<use fuentes/articulo-cuadraticos/imagenes/sch_m_8n_6.jpg>
Package pdftex.def Info: fuentes/articulo-cuadraticos/imagenes/sch_m_8n_6.jpg  
used on input line 268.
(pdftex.def)             Requested size: 208.28893pt x 213.68745pt.
<fuentes/articulo-cuadraticos/imagenes/newton_m_8n_6.jpg, id=636, 542.025pt x 5
56.0775pt>
File: fuentes/articulo-cuadraticos/imagenes/newton_m_8n_6.jpg Graphic file (typ
e jpg)
<use fuentes/articulo-cuadraticos/imagenes/newton_m_8n_6.jpg>
Package pdftex.def Info: fuentes/articulo-cuadraticos/imagenes/newton_m_8n_6.jp
g  used on input line 273.
(pdftex.def)             Requested size: 208.28893pt x 213.68745pt.

Underfull \vbox (badness 10000) has occurred while \output is active []



LaTeX Info: Redefining \. on input line 280.
LaTeX Info: Redefining \% on input line 280.
[26]
Overfull \vbox (133.85268pt too high) has occurred while \output is active []



LaTeX Info: Redefining \. on input line 280.
LaTeX Info: Redefining \% on input line 280.
[27 <./fuentes/articulo-cuadraticos/imagenes/sch_n_6_m_6.jpg> <./fuentes/articu
lo-cuadraticos/imagenes/newton_n_6_m_6.jpg> <./fuentes/articulo-cuadraticos/ima
genes/sch_m_7n_6.jpg> <./fuentes/articulo-cuadraticos/imagenes/newton_m_7n_6.jp
g> <./fuentes/articulo-cuadraticos/imagenes/sch_m_8n_6.jpg> <./fuentes/articulo
-cuadraticos/imagenes/newton_m_8n_6.jpg>]

Package hyperref Warning: Token not allowed in a PDF string (Unicode):
(hyperref)                removing `math shift' on input line 281.


Package hyperref Warning: Token not allowed in a PDF string (Unicode):
(hyperref)                removing `math shift' on input line 281.

<fuentes/articulo-cuadraticos/imagenes/sch_m_4n_2.jpg, id=648, 542.025pt x 556.
0775pt>
File: fuentes/articulo-cuadraticos/imagenes/sch_m_4n_2.jpg Graphic file (type j
pg)
<use fuentes/articulo-cuadraticos/imagenes/sch_m_4n_2.jpg>
Package pdftex.def Info: fuentes/articulo-cuadraticos/imagenes/sch_m_4n_2.jpg  
used on input line 289.
(pdftex.def)             Requested size: 166.25352pt x 170.55795pt.
<fuentes/articulo-cuadraticos/imagenes/newton_m_4n_2.jpg, id=649, 542.025pt x 5
56.0775pt>
File: fuentes/articulo-cuadraticos/imagenes/newton_m_4n_2.jpg Graphic file (typ
e jpg)
<use fuentes/articulo-cuadraticos/imagenes/newton_m_4n_2.jpg>
Package pdftex.def Info: fuentes/articulo-cuadraticos/imagenes/newton_m_4n_2.jp
g  used on input line 294.
(pdftex.def)             Requested size: 166.25352pt x 170.55795pt.
<fuentes/articulo-cuadraticos/imagenes/newton_m_6n_3.jpg, id=650, 542.025pt x 5
56.0775pt>
File: fuentes/articulo-cuadraticos/imagenes/newton_m_6n_3.jpg Graphic file (typ
e jpg)
<use fuentes/articulo-cuadraticos/imagenes/newton_m_6n_3.jpg>
Package pdftex.def Info: fuentes/articulo-cuadraticos/imagenes/newton_m_6n_3.jp
g  used on input line 302.
(pdftex.def)             Requested size: 166.25352pt x 170.55795pt.
<fuentes/articulo-cuadraticos/imagenes/newton_m_8n_4.jpg, id=651, 542.025pt x 5
56.0775pt>
File: fuentes/articulo-cuadraticos/imagenes/newton_m_8n_4.jpg Graphic file (typ
e jpg)
<use fuentes/articulo-cuadraticos/imagenes/newton_m_8n_4.jpg>
Package pdftex.def Info: fuentes/articulo-cuadraticos/imagenes/newton_m_8n_4.jp
g  used on input line 307.
(pdftex.def)             Requested size: 166.25352pt x 170.55795pt.
<fuentes/articulo-cuadraticos/imagenes/sch-i_m2_n1.jpg, id=653, 542.025pt x 556
.0775pt>
File: fuentes/articulo-cuadraticos/imagenes/sch-i_m2_n1.jpg Graphic file (type 
jpg)
<use fuentes/articulo-cuadraticos/imagenes/sch-i_m2_n1.jpg>
Package pdftex.def Info: fuentes/articulo-cuadraticos/imagenes/sch-i_m2_n1.jpg 
 used on input line 321.
(pdftex.def)             Requested size: 188.92342pt x 193.82396pt.
<fuentes/articulo-cuadraticos/imagenes/newton1-i_m2_n1.jpg, id=654, 542.025pt x
 556.0775pt>
File: fuentes/articulo-cuadraticos/imagenes/newton1-i_m2_n1.jpg Graphic file (t
ype jpg)
<use fuentes/articulo-cuadraticos/imagenes/newton1-i_m2_n1.jpg>
Package pdftex.def Info: fuentes/articulo-cuadraticos/imagenes/newton1-i_m2_n1.
jpg  used on input line 322.
(pdftex.def)             Requested size: 188.92342pt x 193.82396pt.


LaTeX Info: Redefining \. on input line 326.
LaTeX Info: Redefining \% on input line 326.
[28 <./fuentes/articulo-cuadraticos/imagenes/sch_m_4n_2.jpg> <./fuentes/articul
o-cuadraticos/imagenes/newton_m_4n_2.jpg> <./fuentes/articulo-cuadraticos/image
nes/newton_m_6n_3.jpg> <./fuentes/articulo-cuadraticos/imagenes/newton_m_8n_4.j
pg>]
LaTeX Font Info:    Trying to load font information for TS1+lmr on input line 3
46.
 (C:\Users\Usuario\AppData\Local\Programs\MiKTeX\tex/latex/lm\ts1lmr.fd
File: ts1lmr.fd 2015/05/01 v1.6.1 Font defs for Latin Modern
)

LaTeX Info: Redefining \. on input line 348.
LaTeX Info: Redefining \% on input line 348.
[29{C:/Users/Usuario/AppData/Local/Programs/MiKTeX/fonts/enc/dvips/lm/lm-ts1.en
c} <./fuentes/articulo-cuadraticos/imagenes/sch-i_m2_n1.jpg> <./fuentes/articul
o-cuadraticos/imagenes/newton1-i_m2_n1.jpg>]
File: fuentes/articulo-cuadraticos/imagenes/sch_m_2n_1.jpg Graphic file (type j
pg)
<use fuentes/articulo-cuadraticos/imagenes/sch_m_2n_1.jpg>
Package pdftex.def Info: fuentes/articulo-cuadraticos/imagenes/sch_m_2n_1.jpg  
used on input line 377.
(pdftex.def)             Requested size: 283.39233pt x 290.74867pt.

Underfull \vbox (badness 5417) has occurred while \output is active []



LaTeX Info: Redefining \. on input line 381.
LaTeX Info: Redefining \% on input line 381.
[30]

LaTeX Info: Redefining \. on input line 401.
LaTeX Info: Redefining \% on input line 401.
[31]

LaTeX Info: Redefining \. on input line 447.
LaTeX Info: Redefining \% on input line 447.
[32]
File: fuentes/articulo-cuadraticos/imagenes/sch_m_5n_1.jpg Graphic file (type j
pg)
<use fuentes/articulo-cuadraticos/imagenes/sch_m_5n_1.jpg>
Package pdftex.def Info: fuentes/articulo-cuadraticos/imagenes/sch_m_5n_1.jpg  
used on input line 455.
(pdftex.def)             Requested size: 259.7751pt x 266.51537pt.
File: fuentes/articulo-cuadraticos/imagenes/sch_m_7n_6.jpg Graphic file (type j
pg)
<use fuentes/articulo-cuadraticos/imagenes/sch_m_7n_6.jpg>
Package pdftex.def Info: fuentes/articulo-cuadraticos/imagenes/sch_m_7n_6.jpg  
used on input line 462.
(pdftex.def)             Requested size: 259.7751pt x 266.51537pt.

Underfull \vbox (badness 5345) has occurred while \output is active []



LaTeX Info: Redefining \. on input line 466.
LaTeX Info: Redefining \% on input line 466.
[33]
File: fuentes/articulo-cuadraticos/imagenes/sch_m_8n_6.jpg Graphic file (type j
pg)
<use fuentes/articulo-cuadraticos/imagenes/sch_m_8n_6.jpg>
Package pdftex.def Info: fuentes/articulo-cuadraticos/imagenes/sch_m_8n_6.jpg  
used on input line 469.
(pdftex.def)             Requested size: 259.7751pt x 266.51537pt.


LaTeX Info: Redefining \. on input line 481.
LaTeX Info: Redefining \% on input line 481.
[34]
File: fuentes/articulo-cuadraticos/imagenes/newton_m_7n_6.jpg Graphic file (typ
e jpg)
<use fuentes/articulo-cuadraticos/imagenes/newton_m_7n_6.jpg>
Package pdftex.def Info: fuentes/articulo-cuadraticos/imagenes/newton_m_7n_6.jp
g  used on input line 492.
(pdftex.def)             Requested size: 283.39233pt x 290.74867pt.


LaTeX Info: Redefining \. on input line 508.
LaTeX Info: Redefining \% on input line 508.
[35]
File: fuentes/articulo-cuadraticos/imagenes/sch_n_6_m_6.jpg Graphic file (type 
jpg)
<use fuentes/articulo-cuadraticos/imagenes/sch_n_6_m_6.jpg>
Package pdftex.def Info: fuentes/articulo-cuadraticos/imagenes/sch_n_6_m_6.jpg 
 used on input line 519.
(pdftex.def)             Requested size: 226.70955pt x 232.58366pt.
File: fuentes/articulo-cuadraticos/imagenes/newton_n_6_m_6.jpg Graphic file (ty
pe jpg)
<use fuentes/articulo-cuadraticos/imagenes/newton_n_6_m_6.jpg>
Package pdftex.def Info: fuentes/articulo-cuadraticos/imagenes/newton_n_6_m_6.j
pg  used on input line 526.
(pdftex.def)             Requested size: 226.70955pt x 232.58366pt.

Underfull \hbox (badness 3138) in paragraph at lines 527--527
[]\T1/lmr/m/n/12 Figura 4.11: []Mismo ca-so en la re-gión
 []



LaTeX Info: Redefining \. on input line 542.
LaTeX Info: Redefining \% on input line 542.
[36]

LaTeX Info: Redefining \. on input line 582.
LaTeX Info: Redefining \% on input line 582.
[37]

LaTeX Info: Redefining \. on input line 614.
LaTeX Info: Redefining \% on input line 614.
[38]

LaTeX Info: Redefining \. on input line 655.
LaTeX Info: Redefining \% on input line 655.
[39]

Package hyperref Warning: Token not allowed in a PDF string (Unicode):
(hyperref)                removing `math shift' on input line 659.


Package hyperref Warning: Token not allowed in a PDF string (Unicode):
(hyperref)                removing `\lambda' on input line 659.


Package hyperref Warning: Token not allowed in a PDF string (Unicode):
(hyperref)                removing `\@ifnextchar' on input line 659.


Package hyperref Warning: Token not allowed in a PDF string (Unicode):
(hyperref)                removing `math shift' on input line 659.



LaTeX Info: Redefining \. on input line 697.
LaTeX Info: Redefining \% on input line 697.
[40]

LaTeX Info: Redefining \. on input line 722.
LaTeX Info: Redefining \% on input line 722.
[41]

LaTeX Info: Redefining \. on input line 758.
LaTeX Info: Redefining \% on input line 758.
[42]

LaTeX Info: Redefining \. on input line 800.
LaTeX Info: Redefining \% on input line 800.
[43])

LaTeX Info: Redefining \. on input line 409.
LaTeX Info: Redefining \% on input line 409.
[44]
Cap\'{\i }tulo 5.


[45



]

[46

]
Cap\'{\i }tulo 6.


[47]

[48

]
Cap\'{\i }tulo 7.


[49]

[50

]

[51

]

[52

]
\openout2 = `VG_Biblio.aux'.

 (VG_Biblio.tex

[53



]
LaTeX Font Info:    Trying to load font information for T1+lmtt on input line 1
52.
 (C:\Users\Usuario\AppData\Local\Programs\MiKTeX\tex/latex/lm\t1lmtt.fd
File: t1lmtt.fd 2015/05/01 v1.6.1 Font defs for Latin Modern
)

LaTeX Info: Redefining \. on input line 176.
LaTeX Info: Redefining \% on input line 176.
[54]

LaTeX Info: Redefining \. on input line 252.
LaTeX Info: Redefining \% on input line 252.
[55]

LaTeX Info: Redefining \. on input line 337.
LaTeX Info: Redefining \% on input line 337.
[56]

LaTeX Info: Redefining \. on input line 419.
LaTeX Info: Redefining \% on input line 419.
[57]
Underfull \hbox (badness 1874) in paragraph at lines 486--490
[]\T1/lmr/m/sc/12 M. Mar-te-lli\T1/lmr/m/n/12 : \T1/lmr/m/it/12 In-tro-duc-tion
 to dis-cre-te dy-na-mi-cal sys-tems and chaos\T1/lmr/m/n/12 , Wiley-
 []



LaTeX Info: Redefining \. on input line 496.
LaTeX Info: Redefining \% on input line 496.
[58]

LaTeX Info: Redefining \. on input line 582.
LaTeX Info: Redefining \% on input line 582.
[59]

LaTeX Info: Redefining \. on input line 667.
LaTeX Info: Redefining \% on input line 667.
[60]

LaTeX Info: Redefining \. on input line 751.
LaTeX Info: Redefining \% on input line 751.
[61])

LaTeX Info: Redefining \. on input line 514.
LaTeX Info: Redefining \% on input line 514.
[62] (MemoriaVGalilea.aux
LaTeX Info: Redefining \. on input line 11.
LaTeX Info: Redefining \% on input line 11.
 (TesisVG_Cap3.aux) (TesisVG_Cap5.aux) (VG_Biblio.aux))
 ***********
LaTeX2e <2025-06-01> patch level 1
L3 programming layer <2025-07-20>
 ***********


LaTeX Warning: There were undefined references.


LaTeX Warning: There were multiply-defined labels.

Package rerunfilecheck Info: File `MemoriaVGalilea.out' has not changed.
(rerunfilecheck)             Checksum: 2B65F1AD4C6D8D94AE05875B811A1981;17466.
 ) 
Here is how much of TeX's memory you used:
 24494 strings out of 468134
 453307 string characters out of 5429772
 845318 words of memory out of 5000000
 52277 multiletter control sequences out of 15000+600000
 718291 words of font info for 103 fonts, out of 8000000 for 9000
 1141 hyphenation exceptions out of 8191
 84i,11n,87p,881b,795s stack positions out of 10000i,1000n,20000p,200000b,200000s
<C:/Users/Usuario/AppData/Local/Programs/MiKTeX/fonts/type1/public/lm/lmbx12.
pfb><C:/Users/Usuario/AppData/Local/Programs/MiKTeX/fonts/type1/public/lm/lmbxi
10.pfb><C:/Users/Usuario/AppData/Local/Programs/MiKTeX/fonts/type1/public/lm/lm
csc10.pfb><C:/Users/Usuario/AppData/Local/Programs/MiKTeX/fonts/type1/public/lm
/lmex10.pfb><C:/Users/Usuario/AppData/Local/Programs/MiKTeX/fonts/type1/public/
lm/lmmi10.pfb><C:/Users/Usuario/AppData/Local/Programs/MiKTeX/fonts/type1/publi
c/lm/lmmi12.pfb><C:/Users/Usuario/AppData/Local/Programs/MiKTeX/fonts/type1/pub
lic/lm/lmmi6.pfb><C:/Users/Usuario/AppData/Local/Programs/MiKTeX/fonts/type1/pu
blic/lm/lmmi8.pfb><C:/Users/Usuario/AppData/Local/Programs/MiKTeX/fonts/type1/p
ublic/lm/lmr10.pfb><C:/Users/Usuario/AppData/Local/Programs/MiKTeX/fonts/type1/
public/lm/lmr12.pfb><C:/Users/Usuario/AppData/Local/Programs/MiKTeX/fonts/type1
/public/lm/lmr6.pfb><C:/Users/Usuario/AppData/Local/Programs/MiKTeX/fonts/type1
/public/lm/lmr8.pfb><C:/Users/Usuario/AppData/Local/Programs/MiKTeX/fonts/type1
/public/lm/lmri12.pfb><C:/Users/Usuario/AppData/Local/Programs/MiKTeX/fonts/typ
e1/public/lm/lmri8.pfb><C:/Users/Usuario/AppData/Local/Programs/MiKTeX/fonts/ty
pe1/public/lm/lmsy10.pfb><C:/Users/Usuario/AppData/Local/Programs/MiKTeX/fonts/
type1/public/lm/lmsy6.pfb><C:/Users/Usuario/AppData/Local/Programs/MiKTeX/fonts
/type1/public/lm/lmsy8.pfb><C:/Users/Usuario/AppData/Local/Programs/MiKTeX/font
s/type1/public/lm/lmtt12.pfb><C:/Users/Usuario/AppData/Local/Programs/MiKTeX/fo
nts/type1/public/amsfonts/symbols/msam10.pfb><C:/Users/Usuario/AppData/Local/Pr
ograms/MiKTeX/fonts/type1/public/amsfonts/symbols/msbm10.pfb>
Output written on MemoriaVGalilea.pdf (66 pages, 1754810 bytes).
PDF statistics:
 1213 PDF objects out of 1440 (max. 8388607)
 379 named destinations out of 1000 (max. 500000)
 646 words of extra memory for PDF output out of 10000 (max. 10000000)

